Node list: nid001897
Tue Oct 28 21:14:11 2025       
+-----------------------------------------------------------------------------------------+
| NVIDIA-SMI 550.163.01             Driver Version: 550.163.01     CUDA Version: 12.4     |
|-----------------------------------------+------------------------+----------------------+
| GPU  Name                 Persistence-M | Bus-Id          Disp.A | Volatile Uncorr. ECC |
| Fan  Temp   Perf          Pwr:Usage/Cap |           Memory-Usage | GPU-Util  Compute M. |
|                                         |                        |               MIG M. |
|=========================================+========================+======================|
|   0  NVIDIA A100-SXM4-40GB          On  |   00000000:03:00.0 Off |                    0 |
| N/A   30C    P0             54W /  400W |       1MiB /  40960MiB |      0%      Default |
|                                         |                        |             Disabled |
+-----------------------------------------+------------------------+----------------------+
|   1  NVIDIA A100-SXM4-40GB          On  |   00000000:41:00.0 Off |                    0 |
| N/A   28C    P0             55W /  400W |       1MiB /  40960MiB |      0%      Default |
|                                         |                        |             Disabled |
+-----------------------------------------+------------------------+----------------------+
|   2  NVIDIA A100-SXM4-40GB          On  |   00000000:82:00.0 Off |                    0 |
| N/A   30C    P0             59W /  400W |       1MiB /  40960MiB |      0%      Default |
|                                         |                        |             Disabled |
+-----------------------------------------+------------------------+----------------------+
|   3  NVIDIA A100-SXM4-40GB          On  |   00000000:C1:00.0 Off |                    0 |
| N/A   28C    P0             55W /  400W |       1MiB /  40960MiB |      0%      Default |
|                                         |                        |             Disabled |
+-----------------------------------------+------------------------+----------------------+
                                                                                         
+-----------------------------------------------------------------------------------------+
| Processes:                                                                              |
|  GPU   GI   CI        PID   Type   Process name                              GPU Memory |
|        ID   ID                                                               Usage      |
|=========================================================================================|
|  No running processes found                                                             |
+-----------------------------------------------------------------------------------------+
step: 10000/500000 | train_loss: 1.1555 | train_metric: 0.5818
step: 20000/500000 | train_loss: 1.0734 | train_metric: 0.6120
step: 30000/500000 | train_loss: 1.0343 | train_metric: 0.6266
step: 40000/500000 | train_loss: 1.0096 | train_metric: 0.6359
step: 50000/500000 | train_loss: 0.9917 | train_metric: 0.6425
step: 60000/500000 | train_loss: 0.9783 | train_metric: 0.6476
step: 70000/500000 | train_loss: 0.9677 | train_metric: 0.6516
step: 80000/500000 | train_loss: 0.9588 | train_metric: 0.6550
step: 90000/500000 | train_loss: 0.9516 | train_metric: 0.6577
step: 100000/500000 | train_loss: 0.9453 | train_metric: 0.6601
epoch: 1/5 | val_loss: 0.9258 | val_metric: 0.6675
step: 110000/500000 | train_loss: 0.8848 | train_metric: 0.6835
step: 120000/500000 | train_loss: 0.8834 | train_metric: 0.6840
step: 130000/500000 | train_loss: 0.8825 | train_metric: 0.6843
step: 140000/500000 | train_loss: 0.8816 | train_metric: 0.6846
step: 150000/500000 | train_loss: 0.8807 | train_metric: 0.6849
step: 160000/500000 | train_loss: 0.8796 | train_metric: 0.6853
step: 170000/500000 | train_loss: 0.8786 | train_metric: 0.6858
step: 180000/500000 | train_loss: 0.8776 | train_metric: 0.6861
step: 190000/500000 | train_loss: 0.8768 | train_metric: 0.6864
step: 200000/500000 | train_loss: 0.8760 | train_metric: 0.6867
epoch: 2/5 | val_loss: 0.9018 | val_metric: 0.6753
step: 210000/500000 | train_loss: 0.8670 | train_metric: 0.6901
step: 220000/500000 | train_loss: 0.8671 | train_metric: 0.6899
step: 230000/500000 | train_loss: 0.8668 | train_metric: 0.6900
step: 240000/500000 | train_loss: 0.8665 | train_metric: 0.6902
step: 250000/500000 | train_loss: 0.8658 | train_metric: 0.6904
step: 260000/500000 | train_loss: 0.8656 | train_metric: 0.6905
step: 270000/500000 | train_loss: 0.8652 | train_metric: 0.6907
step: 280000/500000 | train_loss: 0.8649 | train_metric: 0.6908
step: 290000/500000 | train_loss: 0.8646 | train_metric: 0.6909
step: 300000/500000 | train_loss: 0.8642 | train_metric: 0.6911
epoch: 3/5 | val_loss: 0.8732 | val_metric: 0.6881
step: 310000/500000 | train_loss: 0.8591 | train_metric: 0.6928
step: 320000/500000 | train_loss: 0.8592 | train_metric: 0.6928
step: 330000/500000 | train_loss: 0.8591 | train_metric: 0.6929
step: 340000/500000 | train_loss: 0.8594 | train_metric: 0.6928
step: 350000/500000 | train_loss: 0.8589 | train_metric: 0.6930
step: 360000/500000 | train_loss: 0.8589 | train_metric: 0.6930
step: 370000/500000 | train_loss: 0.8582 | train_metric: 0.6933
step: 380000/500000 | train_loss: 0.8573 | train_metric: 0.6937
step: 390000/500000 | train_loss: 0.8564 | train_metric: 0.6940
step: 400000/500000 | train_loss: 0.8553 | train_metric: 0.6944
epoch: 4/5 | val_loss: 0.8625 | val_metric: 0.6917
step: 410000/500000 | train_loss: 0.8443 | train_metric: 0.6986
step: 420000/500000 | train_loss: 0.8440 | train_metric: 0.6988
step: 430000/500000 | train_loss: 0.8432 | train_metric: 0.6991
step: 440000/500000 | train_loss: 0.8429 | train_metric: 0.6991
step: 450000/500000 | train_loss: 0.8426 | train_metric: 0.6992
step: 460000/500000 | train_loss: 0.8423 | train_metric: 0.6993
step: 470000/500000 | train_loss: 0.8419 | train_metric: 0.6994
step: 480000/500000 | train_loss: 0.8416 | train_metric: 0.6996
step: 490000/500000 | train_loss: 0.8415 | train_metric: 0.6996
step: 500000/500000 | train_loss: 0.8414 | train_metric: 0.6997
epoch: 5/5 | val_loss: 0.8490 | val_metric: 0.6967
