Node list: nid008660
Sun Oct 26 10:39:02 2025       
+-----------------------------------------------------------------------------------------+
| NVIDIA-SMI 550.163.01             Driver Version: 550.163.01     CUDA Version: 12.4     |
|-----------------------------------------+------------------------+----------------------+
| GPU  Name                 Persistence-M | Bus-Id          Disp.A | Volatile Uncorr. ECC |
| Fan  Temp   Perf          Pwr:Usage/Cap |           Memory-Usage | GPU-Util  Compute M. |
|                                         |                        |               MIG M. |
|=========================================+========================+======================|
|   0  NVIDIA A100-SXM4-80GB          On  |   00000000:03:00.0 Off |                    0 |
| N/A   29C    P0             61W /  500W |       1MiB /  81920MiB |      0%      Default |
|                                         |                        |             Disabled |
+-----------------------------------------+------------------------+----------------------+
|   1  NVIDIA A100-SXM4-80GB          On  |   00000000:41:00.0 Off |                    0 |
| N/A   28C    P0             63W /  500W |       1MiB /  81920MiB |      0%      Default |
|                                         |                        |             Disabled |
+-----------------------------------------+------------------------+----------------------+
|   2  NVIDIA A100-SXM4-80GB          On  |   00000000:82:00.0 Off |                    0 |
| N/A   29C    P0             61W /  500W |       1MiB /  81920MiB |      0%      Default |
|                                         |                        |             Disabled |
+-----------------------------------------+------------------------+----------------------+
|   3  NVIDIA A100-SXM4-80GB          On  |   00000000:C1:00.0 Off |                    0 |
| N/A   27C    P0             62W /  500W |       1MiB /  81920MiB |      0%      Default |
|                                         |                        |             Disabled |
+-----------------------------------------+------------------------+----------------------+
                                                                                         
+-----------------------------------------------------------------------------------------+
| Processes:                                                                              |
|  GPU   GI   CI        PID   Type   Process name                              GPU Memory |
|        ID   ID                                                               Usage      |
|=========================================================================================|
|  No running processes found                                                             |
+-----------------------------------------------------------------------------------------+
step: 10000/500000 | train_loss: 1.1568 | train_metric: 0.5811
step: 20000/500000 | train_loss: 1.0741 | train_metric: 0.6116
step: 30000/500000 | train_loss: 1.0345 | train_metric: 0.6263
step: 40000/500000 | train_loss: 1.0095 | train_metric: 0.6356
step: 50000/500000 | train_loss: 0.9918 | train_metric: 0.6424
step: 60000/500000 | train_loss: 0.9785 | train_metric: 0.6473
step: 70000/500000 | train_loss: 0.9679 | train_metric: 0.6514
step: 80000/500000 | train_loss: 0.9591 | train_metric: 0.6547
step: 90000/500000 | train_loss: 0.9517 | train_metric: 0.6576
step: 100000/500000 | train_loss: 0.9453 | train_metric: 0.6600
epoch: 1/5 | val_loss: 0.8968 | val_metric: 0.6790
step: 110000/500000 | train_loss: 0.8855 | train_metric: 0.6827
step: 120000/500000 | train_loss: 0.8845 | train_metric: 0.6831
step: 130000/500000 | train_loss: 0.8830 | train_metric: 0.6837
step: 140000/500000 | train_loss: 0.8818 | train_metric: 0.6842
step: 150000/500000 | train_loss: 0.8809 | train_metric: 0.6846
step: 160000/500000 | train_loss: 0.8798 | train_metric: 0.6851
step: 170000/500000 | train_loss: 0.8788 | train_metric: 0.6854
step: 180000/500000 | train_loss: 0.8779 | train_metric: 0.6858
step: 190000/500000 | train_loss: 0.8770 | train_metric: 0.6861
step: 200000/500000 | train_loss: 0.8762 | train_metric: 0.6864
epoch: 2/5 | val_loss: 0.9063 | val_metric: 0.6738
step: 210000/500000 | train_loss: 0.8672 | train_metric: 0.6900
step: 220000/500000 | train_loss: 0.8666 | train_metric: 0.6900
step: 230000/500000 | train_loss: 0.8664 | train_metric: 0.6902
step: 240000/500000 | train_loss: 0.8662 | train_metric: 0.6903
step: 250000/500000 | train_loss: 0.8657 | train_metric: 0.6905
step: 260000/500000 | train_loss: 0.8654 | train_metric: 0.6906
step: 270000/500000 | train_loss: 0.8650 | train_metric: 0.6908
step: 280000/500000 | train_loss: 0.8648 | train_metric: 0.6909
step: 290000/500000 | train_loss: 0.8644 | train_metric: 0.6910
step: 300000/500000 | train_loss: 0.8642 | train_metric: 0.6911
epoch: 3/5 | val_loss: 0.8699 | val_metric: 0.6891
step: 310000/500000 | train_loss: 0.8606 | train_metric: 0.6926
step: 320000/500000 | train_loss: 0.8596 | train_metric: 0.6928
step: 330000/500000 | train_loss: 0.8594 | train_metric: 0.6929
step: 340000/500000 | train_loss: 0.8593 | train_metric: 0.6930
step: 350000/500000 | train_loss: 0.8592 | train_metric: 0.6930
step: 360000/500000 | train_loss: 0.8588 | train_metric: 0.6931
step: 370000/500000 | train_loss: 0.8582 | train_metric: 0.6933
step: 380000/500000 | train_loss: 0.8574 | train_metric: 0.6936
step: 390000/500000 | train_loss: 0.8565 | train_metric: 0.6940
step: 400000/500000 | train_loss: 0.8556 | train_metric: 0.6943
epoch: 4/5 | val_loss: 0.8630 | val_metric: 0.6913
step: 410000/500000 | train_loss: 0.8434 | train_metric: 0.6989
step: 420000/500000 | train_loss: 0.8437 | train_metric: 0.6989
step: 430000/500000 | train_loss: 0.8431 | train_metric: 0.6991
step: 440000/500000 | train_loss: 0.8428 | train_metric: 0.6992
step: 450000/500000 | train_loss: 0.8426 | train_metric: 0.6993
step: 460000/500000 | train_loss: 0.8422 | train_metric: 0.6994
step: 470000/500000 | train_loss: 0.8418 | train_metric: 0.6996
step: 480000/500000 | train_loss: 0.8418 | train_metric: 0.6996
step: 490000/500000 | train_loss: 0.8417 | train_metric: 0.6996
step: 500000/500000 | train_loss: 0.8416 | train_metric: 0.6997
epoch: 5/5 | val_loss: 0.8526 | val_metric: 0.6954
