Node list: nid002516
Wed Oct 29 00:26:14 2025       
+-----------------------------------------------------------------------------------------+
| NVIDIA-SMI 550.163.01             Driver Version: 550.163.01     CUDA Version: 12.4     |
|-----------------------------------------+------------------------+----------------------+
| GPU  Name                 Persistence-M | Bus-Id          Disp.A | Volatile Uncorr. ECC |
| Fan  Temp   Perf          Pwr:Usage/Cap |           Memory-Usage | GPU-Util  Compute M. |
|                                         |                        |               MIG M. |
|=========================================+========================+======================|
|   0  NVIDIA A100-SXM4-40GB          On  |   00000000:03:00.0 Off |                    0 |
| N/A   29C    P0             53W /  400W |       1MiB /  40960MiB |      0%      Default |
|                                         |                        |             Disabled |
+-----------------------------------------+------------------------+----------------------+
|   1  NVIDIA A100-SXM4-40GB          On  |   00000000:41:00.0 Off |                    0 |
| N/A   28C    P0             52W /  400W |       1MiB /  40960MiB |      0%      Default |
|                                         |                        |             Disabled |
+-----------------------------------------+------------------------+----------------------+
|   2  NVIDIA A100-SXM4-40GB          On  |   00000000:82:00.0 Off |                    0 |
| N/A   29C    P0             55W /  400W |       1MiB /  40960MiB |      0%      Default |
|                                         |                        |             Disabled |
+-----------------------------------------+------------------------+----------------------+
|   3  NVIDIA A100-SXM4-40GB          On  |   00000000:C1:00.0 Off |                    0 |
| N/A   28C    P0             53W /  400W |       1MiB /  40960MiB |      0%      Default |
|                                         |                        |             Disabled |
+-----------------------------------------+------------------------+----------------------+
                                                                                         
+-----------------------------------------------------------------------------------------+
| Processes:                                                                              |
|  GPU   GI   CI        PID   Type   Process name                              GPU Memory |
|        ID   ID                                                               Usage      |
|=========================================================================================|
|  No running processes found                                                             |
+-----------------------------------------------------------------------------------------+
step: 10000/500000 | train_loss: 1.1871 | train_metric: 0.5701
step: 20000/500000 | train_loss: 1.0880 | train_metric: 0.6067
step: 30000/500000 | train_loss: 1.0424 | train_metric: 0.6236
step: 40000/500000 | train_loss: 1.0147 | train_metric: 0.6340
step: 50000/500000 | train_loss: 0.9956 | train_metric: 0.6412
step: 60000/500000 | train_loss: 0.9810 | train_metric: 0.6467
step: 70000/500000 | train_loss: 0.9698 | train_metric: 0.6509
step: 80000/500000 | train_loss: 0.9607 | train_metric: 0.6543
step: 90000/500000 | train_loss: 0.9531 | train_metric: 0.6572
step: 100000/500000 | train_loss: 0.9467 | train_metric: 0.6596
epoch: 1/5 | val_loss: 0.9130 | val_metric: 0.6704
step: 110000/500000 | train_loss: 0.8861 | train_metric: 0.6828
step: 120000/500000 | train_loss: 0.8845 | train_metric: 0.6834
step: 130000/500000 | train_loss: 0.8835 | train_metric: 0.6838
step: 140000/500000 | train_loss: 0.8822 | train_metric: 0.6843
step: 150000/500000 | train_loss: 0.8811 | train_metric: 0.6847
step: 160000/500000 | train_loss: 0.8800 | train_metric: 0.6851
step: 170000/500000 | train_loss: 0.8789 | train_metric: 0.6855
step: 180000/500000 | train_loss: 0.8781 | train_metric: 0.6858
step: 190000/500000 | train_loss: 0.8773 | train_metric: 0.6861
step: 200000/500000 | train_loss: 0.8765 | train_metric: 0.6864
epoch: 2/5 | val_loss: 0.8976 | val_metric: 0.6781
step: 210000/500000 | train_loss: 0.8678 | train_metric: 0.6895
step: 220000/500000 | train_loss: 0.8671 | train_metric: 0.6897
step: 230000/500000 | train_loss: 0.8668 | train_metric: 0.6900
step: 240000/500000 | train_loss: 0.8665 | train_metric: 0.6901
step: 250000/500000 | train_loss: 0.8662 | train_metric: 0.6902
step: 260000/500000 | train_loss: 0.8658 | train_metric: 0.6903
step: 270000/500000 | train_loss: 0.8658 | train_metric: 0.6904
step: 280000/500000 | train_loss: 0.8653 | train_metric: 0.6906
step: 290000/500000 | train_loss: 0.8649 | train_metric: 0.6907
step: 300000/500000 | train_loss: 0.8646 | train_metric: 0.6909
epoch: 3/5 | val_loss: 0.9048 | val_metric: 0.6743
step: 310000/500000 | train_loss: 0.8603 | train_metric: 0.6927
step: 320000/500000 | train_loss: 0.8600 | train_metric: 0.6928
step: 330000/500000 | train_loss: 0.8598 | train_metric: 0.6928
step: 340000/500000 | train_loss: 0.8597 | train_metric: 0.6927
step: 350000/500000 | train_loss: 0.8593 | train_metric: 0.6929
step: 360000/500000 | train_loss: 0.8593 | train_metric: 0.6929
step: 370000/500000 | train_loss: 0.8586 | train_metric: 0.6931
step: 380000/500000 | train_loss: 0.8578 | train_metric: 0.6934
step: 390000/500000 | train_loss: 0.8569 | train_metric: 0.6938
step: 400000/500000 | train_loss: 0.8559 | train_metric: 0.6941
epoch: 4/5 | val_loss: 0.8550 | val_metric: 0.6940
step: 410000/500000 | train_loss: 0.8447 | train_metric: 0.6985
step: 420000/500000 | train_loss: 0.8441 | train_metric: 0.6987
step: 430000/500000 | train_loss: 0.8438 | train_metric: 0.6988
step: 440000/500000 | train_loss: 0.8429 | train_metric: 0.6992
step: 450000/500000 | train_loss: 0.8424 | train_metric: 0.6993
step: 460000/500000 | train_loss: 0.8420 | train_metric: 0.6994
step: 470000/500000 | train_loss: 0.8420 | train_metric: 0.6995
step: 480000/500000 | train_loss: 0.8418 | train_metric: 0.6995
step: 490000/500000 | train_loss: 0.8415 | train_metric: 0.6996
step: 500000/500000 | train_loss: 0.8413 | train_metric: 0.6997
epoch: 5/5 | val_loss: 0.8627 | val_metric: 0.6909
