Node list: nid008528
Sat Oct 25 15:39:52 2025       
+-----------------------------------------------------------------------------------------+
| NVIDIA-SMI 550.163.01             Driver Version: 550.163.01     CUDA Version: 12.4     |
|-----------------------------------------+------------------------+----------------------+
| GPU  Name                 Persistence-M | Bus-Id          Disp.A | Volatile Uncorr. ECC |
| Fan  Temp   Perf          Pwr:Usage/Cap |           Memory-Usage | GPU-Util  Compute M. |
|                                         |                        |               MIG M. |
|=========================================+========================+======================|
|   0  NVIDIA A100-SXM4-80GB          On  |   00000000:03:00.0 Off |                    0 |
| N/A   30C    P0             62W /  500W |       1MiB /  81920MiB |      0%      Default |
|                                         |                        |             Disabled |
+-----------------------------------------+------------------------+----------------------+
|   1  NVIDIA A100-SXM4-80GB          On  |   00000000:41:00.0 Off |                    0 |
| N/A   28C    P0             62W /  500W |       1MiB /  81920MiB |      0%      Default |
|                                         |                        |             Disabled |
+-----------------------------------------+------------------------+----------------------+
|   2  NVIDIA A100-SXM4-80GB          On  |   00000000:82:00.0 Off |                    0 |
| N/A   31C    P0             66W /  500W |       1MiB /  81920MiB |      0%      Default |
|                                         |                        |             Disabled |
+-----------------------------------------+------------------------+----------------------+
|   3  NVIDIA A100-SXM4-80GB          On  |   00000000:C1:00.0 Off |                    0 |
| N/A   29C    P0             64W /  500W |       1MiB /  81920MiB |      0%      Default |
|                                         |                        |             Disabled |
+-----------------------------------------+------------------------+----------------------+
                                                                                         
+-----------------------------------------------------------------------------------------+
| Processes:                                                                              |
|  GPU   GI   CI        PID   Type   Process name                              GPU Memory |
|        ID   ID                                                               Usage      |
|=========================================================================================|
|  No running processes found                                                             |
+-----------------------------------------------------------------------------------------+
step: 10000/500000 | train_loss: 1.1523 | train_metric: 0.5825
step: 20000/500000 | train_loss: 1.0711 | train_metric: 0.6127
step: 30000/500000 | train_loss: 1.0321 | train_metric: 0.6273
step: 40000/500000 | train_loss: 1.0071 | train_metric: 0.6366
step: 50000/500000 | train_loss: 0.9896 | train_metric: 0.6431
step: 60000/500000 | train_loss: 0.9762 | train_metric: 0.6483
step: 70000/500000 | train_loss: 0.9656 | train_metric: 0.6522
step: 80000/500000 | train_loss: 0.9570 | train_metric: 0.6555
step: 90000/500000 | train_loss: 0.9497 | train_metric: 0.6583
step: 100000/500000 | train_loss: 0.9436 | train_metric: 0.6607
epoch: 1/5 | val_loss: 0.9447 | val_metric: 0.6600
step: 110000/500000 | train_loss: 0.8854 | train_metric: 0.6826
step: 120000/500000 | train_loss: 0.8836 | train_metric: 0.6834
step: 130000/500000 | train_loss: 0.8824 | train_metric: 0.6839
step: 140000/500000 | train_loss: 0.8812 | train_metric: 0.6844
step: 150000/500000 | train_loss: 0.8802 | train_metric: 0.6849
step: 160000/500000 | train_loss: 0.8792 | train_metric: 0.6853
step: 170000/500000 | train_loss: 0.8784 | train_metric: 0.6855
step: 180000/500000 | train_loss: 0.8774 | train_metric: 0.6859
step: 190000/500000 | train_loss: 0.8767 | train_metric: 0.6862
step: 200000/500000 | train_loss: 0.8760 | train_metric: 0.6866
epoch: 2/5 | val_loss: 0.9102 | val_metric: 0.6724
step: 210000/500000 | train_loss: 0.8685 | train_metric: 0.6898
step: 220000/500000 | train_loss: 0.8673 | train_metric: 0.6899
step: 230000/500000 | train_loss: 0.8669 | train_metric: 0.6900
step: 240000/500000 | train_loss: 0.8664 | train_metric: 0.6902
step: 250000/500000 | train_loss: 0.8661 | train_metric: 0.6902
step: 260000/500000 | train_loss: 0.8657 | train_metric: 0.6904
step: 270000/500000 | train_loss: 0.8651 | train_metric: 0.6906
step: 280000/500000 | train_loss: 0.8646 | train_metric: 0.6908
step: 290000/500000 | train_loss: 0.8644 | train_metric: 0.6909
step: 300000/500000 | train_loss: 0.8640 | train_metric: 0.6910
epoch: 3/5 | val_loss: 0.8830 | val_metric: 0.6831
step: 310000/500000 | train_loss: 0.8602 | train_metric: 0.6928
step: 320000/500000 | train_loss: 0.8604 | train_metric: 0.6927
step: 330000/500000 | train_loss: 0.8601 | train_metric: 0.6927
step: 340000/500000 | train_loss: 0.8598 | train_metric: 0.6928
step: 350000/500000 | train_loss: 0.8597 | train_metric: 0.6928
step: 360000/500000 | train_loss: 0.8592 | train_metric: 0.6929
step: 370000/500000 | train_loss: 0.8585 | train_metric: 0.6932
step: 380000/500000 | train_loss: 0.8576 | train_metric: 0.6936
step: 390000/500000 | train_loss: 0.8566 | train_metric: 0.6940
step: 400000/500000 | train_loss: 0.8557 | train_metric: 0.6943
epoch: 4/5 | val_loss: 0.8788 | val_metric: 0.6845
step: 410000/500000 | train_loss: 0.8430 | train_metric: 0.6990
step: 420000/500000 | train_loss: 0.8430 | train_metric: 0.6991
step: 430000/500000 | train_loss: 0.8426 | train_metric: 0.6993
step: 440000/500000 | train_loss: 0.8422 | train_metric: 0.6994
step: 450000/500000 | train_loss: 0.8421 | train_metric: 0.6995
step: 460000/500000 | train_loss: 0.8419 | train_metric: 0.6995
step: 470000/500000 | train_loss: 0.8417 | train_metric: 0.6996
step: 480000/500000 | train_loss: 0.8414 | train_metric: 0.6997
step: 490000/500000 | train_loss: 0.8414 | train_metric: 0.6997
step: 500000/500000 | train_loss: 0.8413 | train_metric: 0.6997
epoch: 5/5 | val_loss: 0.8638 | val_metric: 0.6906
