Node list: nid002537
Wed Oct 29 00:26:15 2025       
+-----------------------------------------------------------------------------------------+
| NVIDIA-SMI 550.163.01             Driver Version: 550.163.01     CUDA Version: 12.4     |
|-----------------------------------------+------------------------+----------------------+
| GPU  Name                 Persistence-M | Bus-Id          Disp.A | Volatile Uncorr. ECC |
| Fan  Temp   Perf          Pwr:Usage/Cap |           Memory-Usage | GPU-Util  Compute M. |
|                                         |                        |               MIG M. |
|=========================================+========================+======================|
|   0  NVIDIA A100-SXM4-40GB          On  |   00000000:03:00.0 Off |                    0 |
| N/A   30C    P0             54W /  400W |       1MiB /  40960MiB |      0%      Default |
|                                         |                        |             Disabled |
+-----------------------------------------+------------------------+----------------------+
|   1  NVIDIA A100-SXM4-40GB          On  |   00000000:41:00.0 Off |                    0 |
| N/A   29C    P0             54W /  400W |       1MiB /  40960MiB |      0%      Default |
|                                         |                        |             Disabled |
+-----------------------------------------+------------------------+----------------------+
|   2  NVIDIA A100-SXM4-40GB          On  |   00000000:82:00.0 Off |                    0 |
| N/A   30C    P0             53W /  400W |       1MiB /  40960MiB |      0%      Default |
|                                         |                        |             Disabled |
+-----------------------------------------+------------------------+----------------------+
|   3  NVIDIA A100-SXM4-40GB          On  |   00000000:C1:00.0 Off |                    0 |
| N/A   28C    P0             51W /  400W |       1MiB /  40960MiB |      0%      Default |
|                                         |                        |             Disabled |
+-----------------------------------------+------------------------+----------------------+
                                                                                         
+-----------------------------------------------------------------------------------------+
| Processes:                                                                              |
|  GPU   GI   CI        PID   Type   Process name                              GPU Memory |
|        ID   ID                                                               Usage      |
|=========================================================================================|
|  No running processes found                                                             |
+-----------------------------------------------------------------------------------------+
step: 10000/500000 | train_loss: 1.1544 | train_metric: 0.5821
step: 20000/500000 | train_loss: 1.0733 | train_metric: 0.6118
step: 30000/500000 | train_loss: 1.0342 | train_metric: 0.6264
step: 40000/500000 | train_loss: 1.0100 | train_metric: 0.6354
step: 50000/500000 | train_loss: 0.9926 | train_metric: 0.6420
step: 60000/500000 | train_loss: 0.9792 | train_metric: 0.6470
step: 70000/500000 | train_loss: 0.9686 | train_metric: 0.6511
step: 80000/500000 | train_loss: 0.9599 | train_metric: 0.6544
step: 90000/500000 | train_loss: 0.9525 | train_metric: 0.6572
step: 100000/500000 | train_loss: 0.9463 | train_metric: 0.6596
epoch: 1/5 | val_loss: 0.9124 | val_metric: 0.6718
step: 110000/500000 | train_loss: 0.8862 | train_metric: 0.6826
step: 120000/500000 | train_loss: 0.8844 | train_metric: 0.6834
step: 130000/500000 | train_loss: 0.8835 | train_metric: 0.6837
step: 140000/500000 | train_loss: 0.8822 | train_metric: 0.6842
step: 150000/500000 | train_loss: 0.8812 | train_metric: 0.6846
step: 160000/500000 | train_loss: 0.8801 | train_metric: 0.6850
step: 170000/500000 | train_loss: 0.8790 | train_metric: 0.6854
step: 180000/500000 | train_loss: 0.8782 | train_metric: 0.6858
step: 190000/500000 | train_loss: 0.8773 | train_metric: 0.6861
step: 200000/500000 | train_loss: 0.8766 | train_metric: 0.6864
epoch: 2/5 | val_loss: 0.8818 | val_metric: 0.6843
step: 210000/500000 | train_loss: 0.8675 | train_metric: 0.6900
step: 220000/500000 | train_loss: 0.8667 | train_metric: 0.6901
step: 230000/500000 | train_loss: 0.8665 | train_metric: 0.6902
step: 240000/500000 | train_loss: 0.8661 | train_metric: 0.6903
step: 250000/500000 | train_loss: 0.8659 | train_metric: 0.6904
step: 260000/500000 | train_loss: 0.8655 | train_metric: 0.6905
step: 270000/500000 | train_loss: 0.8654 | train_metric: 0.6906
step: 280000/500000 | train_loss: 0.8649 | train_metric: 0.6908
step: 290000/500000 | train_loss: 0.8646 | train_metric: 0.6910
step: 300000/500000 | train_loss: 0.8643 | train_metric: 0.6911
epoch: 3/5 | val_loss: 0.8704 | val_metric: 0.6884
step: 310000/500000 | train_loss: 0.8599 | train_metric: 0.6928
step: 320000/500000 | train_loss: 0.8595 | train_metric: 0.6930
step: 330000/500000 | train_loss: 0.8593 | train_metric: 0.6930
step: 340000/500000 | train_loss: 0.8592 | train_metric: 0.6930
step: 350000/500000 | train_loss: 0.8589 | train_metric: 0.6931
step: 360000/500000 | train_loss: 0.8589 | train_metric: 0.6932
step: 370000/500000 | train_loss: 0.8582 | train_metric: 0.6934
step: 380000/500000 | train_loss: 0.8574 | train_metric: 0.6937
step: 390000/500000 | train_loss: 0.8565 | train_metric: 0.6940
step: 400000/500000 | train_loss: 0.8555 | train_metric: 0.6944
epoch: 4/5 | val_loss: 0.8467 | val_metric: 0.6977
step: 410000/500000 | train_loss: 0.8446 | train_metric: 0.6984
step: 420000/500000 | train_loss: 0.8440 | train_metric: 0.6988
step: 430000/500000 | train_loss: 0.8436 | train_metric: 0.6990
step: 440000/500000 | train_loss: 0.8427 | train_metric: 0.6993
step: 450000/500000 | train_loss: 0.8422 | train_metric: 0.6994
step: 460000/500000 | train_loss: 0.8419 | train_metric: 0.6995
step: 470000/500000 | train_loss: 0.8418 | train_metric: 0.6996
step: 480000/500000 | train_loss: 0.8417 | train_metric: 0.6997
step: 490000/500000 | train_loss: 0.8414 | train_metric: 0.6998
step: 500000/500000 | train_loss: 0.8411 | train_metric: 0.6999
epoch: 5/5 | val_loss: 0.8492 | val_metric: 0.6968
