Node list: nid003585
Mon Nov  3 12:18:01 2025       
+-----------------------------------------------------------------------------------------+
| NVIDIA-SMI 550.163.01             Driver Version: 550.163.01     CUDA Version: 12.4     |
|-----------------------------------------+------------------------+----------------------+
| GPU  Name                 Persistence-M | Bus-Id          Disp.A | Volatile Uncorr. ECC |
| Fan  Temp   Perf          Pwr:Usage/Cap |           Memory-Usage | GPU-Util  Compute M. |
|                                         |                        |               MIG M. |
|=========================================+========================+======================|
|   0  NVIDIA A100-SXM4-40GB          On  |   00000000:03:00.0 Off |                    0 |
| N/A   29C    P0             53W /  400W |       1MiB /  40960MiB |      0%      Default |
|                                         |                        |             Disabled |
+-----------------------------------------+------------------------+----------------------+
|   1  NVIDIA A100-SXM4-40GB          On  |   00000000:41:00.0 Off |                    0 |
| N/A   27C    P0             51W /  400W |       1MiB /  40960MiB |      0%      Default |
|                                         |                        |             Disabled |
+-----------------------------------------+------------------------+----------------------+
|   2  NVIDIA A100-SXM4-40GB          On  |   00000000:82:00.0 Off |                    0 |
| N/A   28C    P0             53W /  400W |       1MiB /  40960MiB |      0%      Default |
|                                         |                        |             Disabled |
+-----------------------------------------+------------------------+----------------------+
|   3  NVIDIA A100-SXM4-40GB          On  |   00000000:C1:00.0 Off |                    0 |
| N/A   28C    P0             52W /  400W |       1MiB /  40960MiB |      0%      Default |
|                                         |                        |             Disabled |
+-----------------------------------------+------------------------+----------------------+
                                                                                         
+-----------------------------------------------------------------------------------------+
| Processes:                                                                              |
|  GPU   GI   CI        PID   Type   Process name                              GPU Memory |
|        ID   ID                                                               Usage      |
|=========================================================================================|
|  No running processes found                                                             |
+-----------------------------------------------------------------------------------------+
step: 10000/500000 | train_loss: 1.1631 | train_metric: 0.5785
step: 20000/500000 | train_loss: 1.0783 | train_metric: 0.6101
step: 30000/500000 | train_loss: 1.0376 | train_metric: 0.6253
step: 40000/500000 | train_loss: 1.0120 | train_metric: 0.6348
step: 50000/500000 | train_loss: 0.9938 | train_metric: 0.6417
step: 60000/500000 | train_loss: 0.9802 | train_metric: 0.6468
step: 70000/500000 | train_loss: 0.9693 | train_metric: 0.6510
step: 80000/500000 | train_loss: 0.9603 | train_metric: 0.6544
step: 90000/500000 | train_loss: 0.9527 | train_metric: 0.6573
step: 100000/500000 | train_loss: 0.9463 | train_metric: 0.6597
epoch: 1/5 | val_loss: 0.9761 | val_metric: 0.6467
step: 110000/500000 | train_loss: 0.8859 | train_metric: 0.6829
step: 120000/500000 | train_loss: 0.8839 | train_metric: 0.6836
step: 130000/500000 | train_loss: 0.8823 | train_metric: 0.6842
step: 140000/500000 | train_loss: 0.8810 | train_metric: 0.6846
step: 150000/500000 | train_loss: 0.8800 | train_metric: 0.6850
step: 160000/500000 | train_loss: 0.8788 | train_metric: 0.6855
step: 170000/500000 | train_loss: 0.8780 | train_metric: 0.6858
step: 180000/500000 | train_loss: 0.8770 | train_metric: 0.6862
step: 190000/500000 | train_loss: 0.8762 | train_metric: 0.6865
step: 200000/500000 | train_loss: 0.8754 | train_metric: 0.6868
epoch: 2/5 | val_loss: 0.9175 | val_metric: 0.6700
step: 210000/500000 | train_loss: 0.8666 | train_metric: 0.6900
step: 220000/500000 | train_loss: 0.8665 | train_metric: 0.6901
step: 230000/500000 | train_loss: 0.8663 | train_metric: 0.6902
step: 240000/500000 | train_loss: 0.8659 | train_metric: 0.6903
step: 250000/500000 | train_loss: 0.8656 | train_metric: 0.6905
step: 260000/500000 | train_loss: 0.8651 | train_metric: 0.6907
step: 270000/500000 | train_loss: 0.8648 | train_metric: 0.6908
step: 280000/500000 | train_loss: 0.8645 | train_metric: 0.6909
step: 290000/500000 | train_loss: 0.8642 | train_metric: 0.6910
step: 300000/500000 | train_loss: 0.8639 | train_metric: 0.6912
epoch: 3/5 | val_loss: 0.8785 | val_metric: 0.6846
step: 310000/500000 | train_loss: 0.8596 | train_metric: 0.6928
step: 320000/500000 | train_loss: 0.8595 | train_metric: 0.6928
step: 330000/500000 | train_loss: 0.8592 | train_metric: 0.6929
step: 340000/500000 | train_loss: 0.8590 | train_metric: 0.6930
step: 350000/500000 | train_loss: 0.8589 | train_metric: 0.6930
step: 360000/500000 | train_loss: 0.8586 | train_metric: 0.6932
step: 370000/500000 | train_loss: 0.8581 | train_metric: 0.6934
step: 380000/500000 | train_loss: 0.8572 | train_metric: 0.6937
step: 390000/500000 | train_loss: 0.8561 | train_metric: 0.6941
step: 400000/500000 | train_loss: 0.8551 | train_metric: 0.6945
epoch: 4/5 | val_loss: 0.8418 | val_metric: 0.6994
step: 410000/500000 | train_loss: 0.8433 | train_metric: 0.6989
step: 420000/500000 | train_loss: 0.8433 | train_metric: 0.6990
step: 430000/500000 | train_loss: 0.8425 | train_metric: 0.6993
step: 440000/500000 | train_loss: 0.8424 | train_metric: 0.6994
step: 450000/500000 | train_loss: 0.8419 | train_metric: 0.6995
step: 460000/500000 | train_loss: 0.8415 | train_metric: 0.6996
step: 470000/500000 | train_loss: 0.8413 | train_metric: 0.6997
step: 480000/500000 | train_loss: 0.8411 | train_metric: 0.6998
step: 490000/500000 | train_loss: 0.8410 | train_metric: 0.6998
step: 500000/500000 | train_loss: 0.8408 | train_metric: 0.6999
epoch: 5/5 | val_loss: 0.8485 | val_metric: 0.6967
