Node list: nid008529
Thu Nov  6 00:10:06 2025       
+-----------------------------------------------------------------------------------------+
| NVIDIA-SMI 550.163.01             Driver Version: 550.163.01     CUDA Version: 12.4     |
|-----------------------------------------+------------------------+----------------------+
| GPU  Name                 Persistence-M | Bus-Id          Disp.A | Volatile Uncorr. ECC |
| Fan  Temp   Perf          Pwr:Usage/Cap |           Memory-Usage | GPU-Util  Compute M. |
|                                         |                        |               MIG M. |
|=========================================+========================+======================|
|   0  NVIDIA A100-SXM4-80GB          On  |   00000000:03:00.0 Off |                    0 |
| N/A   29C    P0             63W /  500W |       1MiB /  81920MiB |      0%      Default |
|                                         |                        |             Disabled |
+-----------------------------------------+------------------------+----------------------+
|   1  NVIDIA A100-SXM4-80GB          On  |   00000000:41:00.0 Off |                    0 |
| N/A   27C    P0             62W /  500W |       1MiB /  81920MiB |      0%      Default |
|                                         |                        |             Disabled |
+-----------------------------------------+------------------------+----------------------+
|   2  NVIDIA A100-SXM4-80GB          On  |   00000000:82:00.0 Off |                    0 |
| N/A   28C    P0             62W /  500W |       1MiB /  81920MiB |      0%      Default |
|                                         |                        |             Disabled |
+-----------------------------------------+------------------------+----------------------+
|   3  NVIDIA A100-SXM4-80GB          On  |   00000000:C1:00.0 Off |                    0 |
| N/A   27C    P0             64W /  500W |       1MiB /  81920MiB |      0%      Default |
|                                         |                        |             Disabled |
+-----------------------------------------+------------------------+----------------------+
                                                                                         
+-----------------------------------------------------------------------------------------+
| Processes:                                                                              |
|  GPU   GI   CI        PID   Type   Process name                              GPU Memory |
|        ID   ID                                                               Usage      |
|=========================================================================================|
|  No running processes found                                                             |
+-----------------------------------------------------------------------------------------+
step: 10000/500000 | train_loss: 1.1486 | train_metric: 0.5839
step: 20000/500000 | train_loss: 1.0698 | train_metric: 0.6131
step: 30000/500000 | train_loss: 1.0315 | train_metric: 0.6273
step: 40000/500000 | train_loss: 1.0071 | train_metric: 0.6364
step: 50000/500000 | train_loss: 0.9899 | train_metric: 0.6429
step: 60000/500000 | train_loss: 0.9768 | train_metric: 0.6478
step: 70000/500000 | train_loss: 0.9664 | train_metric: 0.6518
step: 80000/500000 | train_loss: 0.9577 | train_metric: 0.6551
step: 90000/500000 | train_loss: 0.9504 | train_metric: 0.6579
step: 100000/500000 | train_loss: 0.9443 | train_metric: 0.6603
epoch: 1/5 | val_loss: 0.9212 | val_metric: 0.6696
step: 110000/500000 | train_loss: 0.8846 | train_metric: 0.6831
step: 120000/500000 | train_loss: 0.8834 | train_metric: 0.6836
step: 130000/500000 | train_loss: 0.8821 | train_metric: 0.6841
step: 140000/500000 | train_loss: 0.8809 | train_metric: 0.6845
step: 150000/500000 | train_loss: 0.8800 | train_metric: 0.6849
step: 160000/500000 | train_loss: 0.8789 | train_metric: 0.6853
step: 170000/500000 | train_loss: 0.8780 | train_metric: 0.6857
step: 180000/500000 | train_loss: 0.8772 | train_metric: 0.6860
step: 190000/500000 | train_loss: 0.8764 | train_metric: 0.6863
step: 200000/500000 | train_loss: 0.8757 | train_metric: 0.6866
epoch: 2/5 | val_loss: 0.9016 | val_metric: 0.6758
step: 210000/500000 | train_loss: 0.8670 | train_metric: 0.6898
step: 220000/500000 | train_loss: 0.8669 | train_metric: 0.6899
step: 230000/500000 | train_loss: 0.8663 | train_metric: 0.6903
step: 240000/500000 | train_loss: 0.8660 | train_metric: 0.6903
step: 250000/500000 | train_loss: 0.8658 | train_metric: 0.6904
step: 260000/500000 | train_loss: 0.8655 | train_metric: 0.6906
step: 270000/500000 | train_loss: 0.8653 | train_metric: 0.6907
step: 280000/500000 | train_loss: 0.8651 | train_metric: 0.6908
step: 290000/500000 | train_loss: 0.8647 | train_metric: 0.6909
step: 300000/500000 | train_loss: 0.8643 | train_metric: 0.6910
epoch: 3/5 | val_loss: 0.8631 | val_metric: 0.6916
step: 310000/500000 | train_loss: 0.8610 | train_metric: 0.6925
step: 320000/500000 | train_loss: 0.8598 | train_metric: 0.6928
step: 330000/500000 | train_loss: 0.8591 | train_metric: 0.6930
step: 340000/500000 | train_loss: 0.8590 | train_metric: 0.6930
step: 350000/500000 | train_loss: 0.8589 | train_metric: 0.6930
step: 360000/500000 | train_loss: 0.8586 | train_metric: 0.6931
step: 370000/500000 | train_loss: 0.8580 | train_metric: 0.6933
step: 380000/500000 | train_loss: 0.8572 | train_metric: 0.6936
step: 390000/500000 | train_loss: 0.8561 | train_metric: 0.6940
step: 400000/500000 | train_loss: 0.8552 | train_metric: 0.6943
epoch: 4/5 | val_loss: 0.8544 | val_metric: 0.6945
step: 410000/500000 | train_loss: 0.8438 | train_metric: 0.6987
step: 420000/500000 | train_loss: 0.8435 | train_metric: 0.6989
step: 430000/500000 | train_loss: 0.8431 | train_metric: 0.6991
step: 440000/500000 | train_loss: 0.8425 | train_metric: 0.6993
step: 450000/500000 | train_loss: 0.8422 | train_metric: 0.6994
step: 460000/500000 | train_loss: 0.8420 | train_metric: 0.6995
step: 470000/500000 | train_loss: 0.8417 | train_metric: 0.6996
step: 480000/500000 | train_loss: 0.8417 | train_metric: 0.6997
step: 490000/500000 | train_loss: 0.8417 | train_metric: 0.6996
step: 500000/500000 | train_loss: 0.8416 | train_metric: 0.6997
epoch: 5/5 | val_loss: 0.8563 | val_metric: 0.6939
