Node list: nid001468
Mon Nov  3 14:23:15 2025       
+-----------------------------------------------------------------------------------------+
| NVIDIA-SMI 550.163.01             Driver Version: 550.163.01     CUDA Version: 12.4     |
|-----------------------------------------+------------------------+----------------------+
| GPU  Name                 Persistence-M | Bus-Id          Disp.A | Volatile Uncorr. ECC |
| Fan  Temp   Perf          Pwr:Usage/Cap |           Memory-Usage | GPU-Util  Compute M. |
|                                         |                        |               MIG M. |
|=========================================+========================+======================|
|   0  NVIDIA A100-SXM4-40GB          On  |   00000000:03:00.0 Off |                    0 |
| N/A   32C    P0             54W /  400W |       1MiB /  40960MiB |      0%      Default |
|                                         |                        |             Disabled |
+-----------------------------------------+------------------------+----------------------+
|   1  NVIDIA A100-SXM4-40GB          On  |   00000000:41:00.0 Off |                    0 |
| N/A   29C    P0             52W /  400W |       1MiB /  40960MiB |      0%      Default |
|                                         |                        |             Disabled |
+-----------------------------------------+------------------------+----------------------+
|   2  NVIDIA A100-SXM4-40GB          On  |   00000000:82:00.0 Off |                    0 |
| N/A   33C    P0             55W /  400W |       1MiB /  40960MiB |      0%      Default |
|                                         |                        |             Disabled |
+-----------------------------------------+------------------------+----------------------+
|   3  NVIDIA A100-SXM4-40GB          On  |   00000000:C1:00.0 Off |                    0 |
| N/A   30C    P0             52W /  400W |       1MiB /  40960MiB |      0%      Default |
|                                         |                        |             Disabled |
+-----------------------------------------+------------------------+----------------------+
                                                                                         
+-----------------------------------------------------------------------------------------+
| Processes:                                                                              |
|  GPU   GI   CI        PID   Type   Process name                              GPU Memory |
|        ID   ID                                                               Usage      |
|=========================================================================================|
|  No running processes found                                                             |
+-----------------------------------------------------------------------------------------+
step: 10000/500000 | train_loss: 1.1494 | train_metric: 0.5843
step: 20000/500000 | train_loss: 1.0699 | train_metric: 0.6135
step: 30000/500000 | train_loss: 1.0316 | train_metric: 0.6276
step: 40000/500000 | train_loss: 1.0072 | train_metric: 0.6367
step: 50000/500000 | train_loss: 0.9898 | train_metric: 0.6432
step: 60000/500000 | train_loss: 0.9768 | train_metric: 0.6481
step: 70000/500000 | train_loss: 0.9662 | train_metric: 0.6521
step: 80000/500000 | train_loss: 0.9578 | train_metric: 0.6553
step: 90000/500000 | train_loss: 0.9505 | train_metric: 0.6580
step: 100000/500000 | train_loss: 0.9443 | train_metric: 0.6604
epoch: 1/5 | val_loss: 0.9811 | val_metric: 0.6477
step: 110000/500000 | train_loss: 0.8853 | train_metric: 0.6827
step: 120000/500000 | train_loss: 0.8838 | train_metric: 0.6833
step: 130000/500000 | train_loss: 0.8821 | train_metric: 0.6840
step: 140000/500000 | train_loss: 0.8808 | train_metric: 0.6846
step: 150000/500000 | train_loss: 0.8798 | train_metric: 0.6850
step: 160000/500000 | train_loss: 0.8788 | train_metric: 0.6854
step: 170000/500000 | train_loss: 0.8779 | train_metric: 0.6858
step: 180000/500000 | train_loss: 0.8770 | train_metric: 0.6861
step: 190000/500000 | train_loss: 0.8762 | train_metric: 0.6864
step: 200000/500000 | train_loss: 0.8754 | train_metric: 0.6867
epoch: 2/5 | val_loss: 0.8852 | val_metric: 0.6828
step: 210000/500000 | train_loss: 0.8680 | train_metric: 0.6895
step: 220000/500000 | train_loss: 0.8674 | train_metric: 0.6897
step: 230000/500000 | train_loss: 0.8664 | train_metric: 0.6901
step: 240000/500000 | train_loss: 0.8657 | train_metric: 0.6904
step: 250000/500000 | train_loss: 0.8655 | train_metric: 0.6904
step: 260000/500000 | train_loss: 0.8654 | train_metric: 0.6905
step: 270000/500000 | train_loss: 0.8651 | train_metric: 0.6906
step: 280000/500000 | train_loss: 0.8648 | train_metric: 0.6908
step: 290000/500000 | train_loss: 0.8645 | train_metric: 0.6909
step: 300000/500000 | train_loss: 0.8641 | train_metric: 0.6910
epoch: 3/5 | val_loss: 0.8581 | val_metric: 0.6938
step: 310000/500000 | train_loss: 0.8585 | train_metric: 0.6932
step: 320000/500000 | train_loss: 0.8596 | train_metric: 0.6928
step: 330000/500000 | train_loss: 0.8596 | train_metric: 0.6928
step: 340000/500000 | train_loss: 0.8594 | train_metric: 0.6928
step: 350000/500000 | train_loss: 0.8592 | train_metric: 0.6929
step: 360000/500000 | train_loss: 0.8589 | train_metric: 0.6930
step: 370000/500000 | train_loss: 0.8583 | train_metric: 0.6933
step: 380000/500000 | train_loss: 0.8574 | train_metric: 0.6936
step: 390000/500000 | train_loss: 0.8563 | train_metric: 0.6940
step: 400000/500000 | train_loss: 0.8552 | train_metric: 0.6944
epoch: 4/5 | val_loss: 0.8446 | val_metric: 0.6985
step: 410000/500000 | train_loss: 0.8437 | train_metric: 0.6990
step: 420000/500000 | train_loss: 0.8434 | train_metric: 0.6989
step: 430000/500000 | train_loss: 0.8431 | train_metric: 0.6990
step: 440000/500000 | train_loss: 0.8427 | train_metric: 0.6992
step: 450000/500000 | train_loss: 0.8423 | train_metric: 0.6993
step: 460000/500000 | train_loss: 0.8420 | train_metric: 0.6994
step: 470000/500000 | train_loss: 0.8418 | train_metric: 0.6995
step: 480000/500000 | train_loss: 0.8415 | train_metric: 0.6996
step: 490000/500000 | train_loss: 0.8414 | train_metric: 0.6996
step: 500000/500000 | train_loss: 0.8413 | train_metric: 0.6997
epoch: 5/5 | val_loss: 0.8459 | val_metric: 0.6980
