Node list: nid003588
Mon Nov  3 12:16:32 2025       
+-----------------------------------------------------------------------------------------+
| NVIDIA-SMI 550.163.01             Driver Version: 550.163.01     CUDA Version: 12.4     |
|-----------------------------------------+------------------------+----------------------+
| GPU  Name                 Persistence-M | Bus-Id          Disp.A | Volatile Uncorr. ECC |
| Fan  Temp   Perf          Pwr:Usage/Cap |           Memory-Usage | GPU-Util  Compute M. |
|                                         |                        |               MIG M. |
|=========================================+========================+======================|
|   0  NVIDIA A100-SXM4-40GB          On  |   00000000:03:00.0 Off |                    0 |
| N/A   29C    P0             53W /  400W |       1MiB /  40960MiB |      0%      Default |
|                                         |                        |             Disabled |
+-----------------------------------------+------------------------+----------------------+
|   1  NVIDIA A100-SXM4-40GB          On  |   00000000:41:00.0 Off |                    0 |
| N/A   27C    P0             55W /  400W |       1MiB /  40960MiB |      0%      Default |
|                                         |                        |             Disabled |
+-----------------------------------------+------------------------+----------------------+
|   2  NVIDIA A100-SXM4-40GB          On  |   00000000:82:00.0 Off |                    0 |
| N/A   30C    P0             54W /  400W |       1MiB /  40960MiB |      0%      Default |
|                                         |                        |             Disabled |
+-----------------------------------------+------------------------+----------------------+
|   3  NVIDIA A100-SXM4-40GB          On  |   00000000:C1:00.0 Off |                    0 |
| N/A   28C    P0             53W /  400W |       1MiB /  40960MiB |      0%      Default |
|                                         |                        |             Disabled |
+-----------------------------------------+------------------------+----------------------+
                                                                                         
+-----------------------------------------------------------------------------------------+
| Processes:                                                                              |
|  GPU   GI   CI        PID   Type   Process name                              GPU Memory |
|        ID   ID                                                               Usage      |
|=========================================================================================|
|  No running processes found                                                             |
+-----------------------------------------------------------------------------------------+
step: 10000/500000 | train_loss: 1.1672 | train_metric: 0.5766
step: 20000/500000 | train_loss: 1.0772 | train_metric: 0.6103
step: 30000/500000 | train_loss: 1.0354 | train_metric: 0.6261
step: 40000/500000 | train_loss: 1.0094 | train_metric: 0.6358
step: 50000/500000 | train_loss: 0.9910 | train_metric: 0.6428
step: 60000/500000 | train_loss: 0.9774 | train_metric: 0.6480
step: 70000/500000 | train_loss: 0.9667 | train_metric: 0.6521
step: 80000/500000 | train_loss: 0.9580 | train_metric: 0.6554
step: 90000/500000 | train_loss: 0.9506 | train_metric: 0.6581
step: 100000/500000 | train_loss: 0.9445 | train_metric: 0.6605
epoch: 1/5 | val_loss: 0.9559 | val_metric: 0.6545
step: 110000/500000 | train_loss: 0.8860 | train_metric: 0.6827
step: 120000/500000 | train_loss: 0.8843 | train_metric: 0.6834
step: 130000/500000 | train_loss: 0.8827 | train_metric: 0.6838
step: 140000/500000 | train_loss: 0.8814 | train_metric: 0.6844
step: 150000/500000 | train_loss: 0.8805 | train_metric: 0.6847
step: 160000/500000 | train_loss: 0.8793 | train_metric: 0.6852
step: 170000/500000 | train_loss: 0.8785 | train_metric: 0.6855
step: 180000/500000 | train_loss: 0.8776 | train_metric: 0.6859
step: 190000/500000 | train_loss: 0.8768 | train_metric: 0.6862
step: 200000/500000 | train_loss: 0.8762 | train_metric: 0.6864
epoch: 2/5 | val_loss: 0.9110 | val_metric: 0.6731
step: 210000/500000 | train_loss: 0.8674 | train_metric: 0.6898
step: 220000/500000 | train_loss: 0.8673 | train_metric: 0.6900
step: 230000/500000 | train_loss: 0.8671 | train_metric: 0.6901
step: 240000/500000 | train_loss: 0.8667 | train_metric: 0.6902
step: 250000/500000 | train_loss: 0.8664 | train_metric: 0.6903
step: 260000/500000 | train_loss: 0.8660 | train_metric: 0.6904
step: 270000/500000 | train_loss: 0.8657 | train_metric: 0.6905
step: 280000/500000 | train_loss: 0.8653 | train_metric: 0.6906
step: 290000/500000 | train_loss: 0.8650 | train_metric: 0.6907
step: 300000/500000 | train_loss: 0.8647 | train_metric: 0.6909
epoch: 3/5 | val_loss: 0.8573 | val_metric: 0.6941
step: 310000/500000 | train_loss: 0.8607 | train_metric: 0.6923
step: 320000/500000 | train_loss: 0.8605 | train_metric: 0.6924
step: 330000/500000 | train_loss: 0.8601 | train_metric: 0.6925
step: 340000/500000 | train_loss: 0.8598 | train_metric: 0.6926
step: 350000/500000 | train_loss: 0.8597 | train_metric: 0.6926
step: 360000/500000 | train_loss: 0.8594 | train_metric: 0.6928
step: 370000/500000 | train_loss: 0.8590 | train_metric: 0.6929
step: 380000/500000 | train_loss: 0.8579 | train_metric: 0.6933
step: 390000/500000 | train_loss: 0.8569 | train_metric: 0.6938
step: 400000/500000 | train_loss: 0.8558 | train_metric: 0.6942
epoch: 4/5 | val_loss: 0.8452 | val_metric: 0.6986
step: 410000/500000 | train_loss: 0.8438 | train_metric: 0.6986
step: 420000/500000 | train_loss: 0.8436 | train_metric: 0.6987
step: 430000/500000 | train_loss: 0.8429 | train_metric: 0.6991
step: 440000/500000 | train_loss: 0.8427 | train_metric: 0.6992
step: 450000/500000 | train_loss: 0.8422 | train_metric: 0.6994
step: 460000/500000 | train_loss: 0.8418 | train_metric: 0.6995
step: 470000/500000 | train_loss: 0.8416 | train_metric: 0.6996
step: 480000/500000 | train_loss: 0.8414 | train_metric: 0.6997
step: 490000/500000 | train_loss: 0.8412 | train_metric: 0.6997
step: 500000/500000 | train_loss: 0.8411 | train_metric: 0.6998
epoch: 5/5 | val_loss: 0.8444 | val_metric: 0.6984
