Node list: nid003833
Mon Nov  3 14:21:45 2025       
+-----------------------------------------------------------------------------------------+
| NVIDIA-SMI 550.163.01             Driver Version: 550.163.01     CUDA Version: 12.4     |
|-----------------------------------------+------------------------+----------------------+
| GPU  Name                 Persistence-M | Bus-Id          Disp.A | Volatile Uncorr. ECC |
| Fan  Temp   Perf          Pwr:Usage/Cap |           Memory-Usage | GPU-Util  Compute M. |
|                                         |                        |               MIG M. |
|=========================================+========================+======================|
|   0  NVIDIA A100-SXM4-40GB          On  |   00000000:03:00.0 Off |                    0 |
| N/A   30C    P0             54W /  400W |       1MiB /  40960MiB |      0%      Default |
|                                         |                        |             Disabled |
+-----------------------------------------+------------------------+----------------------+
|   1  NVIDIA A100-SXM4-40GB          On  |   00000000:41:00.0 Off |                    0 |
| N/A   29C    P0             54W /  400W |       1MiB /  40960MiB |      0%      Default |
|                                         |                        |             Disabled |
+-----------------------------------------+------------------------+----------------------+
|   2  NVIDIA A100-SXM4-40GB          On  |   00000000:82:00.0 Off |                    0 |
| N/A   30C    P0             54W /  400W |       1MiB /  40960MiB |      0%      Default |
|                                         |                        |             Disabled |
+-----------------------------------------+------------------------+----------------------+
|   3  NVIDIA A100-SXM4-40GB          On  |   00000000:C1:00.0 Off |                    0 |
| N/A   29C    P0             54W /  400W |       1MiB /  40960MiB |      0%      Default |
|                                         |                        |             Disabled |
+-----------------------------------------+------------------------+----------------------+
                                                                                         
+-----------------------------------------------------------------------------------------+
| Processes:                                                                              |
|  GPU   GI   CI        PID   Type   Process name                              GPU Memory |
|        ID   ID                                                               Usage      |
|=========================================================================================|
|  No running processes found                                                             |
+-----------------------------------------------------------------------------------------+
step: 10000/500000 | train_loss: 1.1585 | train_metric: 0.5804
step: 20000/500000 | train_loss: 1.0745 | train_metric: 0.6117
step: 30000/500000 | train_loss: 1.0342 | train_metric: 0.6266
step: 40000/500000 | train_loss: 1.0088 | train_metric: 0.6361
step: 50000/500000 | train_loss: 0.9910 | train_metric: 0.6428
step: 60000/500000 | train_loss: 0.9776 | train_metric: 0.6479
step: 70000/500000 | train_loss: 0.9669 | train_metric: 0.6519
step: 80000/500000 | train_loss: 0.9585 | train_metric: 0.6551
step: 90000/500000 | train_loss: 0.9513 | train_metric: 0.6578
step: 100000/500000 | train_loss: 0.9452 | train_metric: 0.6602
epoch: 1/5 | val_loss: 0.9692 | val_metric: 0.6523
step: 110000/500000 | train_loss: 0.8876 | train_metric: 0.6820
step: 120000/500000 | train_loss: 0.8860 | train_metric: 0.6826
step: 130000/500000 | train_loss: 0.8842 | train_metric: 0.6834
step: 140000/500000 | train_loss: 0.8827 | train_metric: 0.6840
step: 150000/500000 | train_loss: 0.8817 | train_metric: 0.6843
step: 160000/500000 | train_loss: 0.8807 | train_metric: 0.6847
step: 170000/500000 | train_loss: 0.8797 | train_metric: 0.6851
step: 180000/500000 | train_loss: 0.8787 | train_metric: 0.6855
step: 190000/500000 | train_loss: 0.8779 | train_metric: 0.6858
step: 200000/500000 | train_loss: 0.8771 | train_metric: 0.6861
epoch: 2/5 | val_loss: 0.8787 | val_metric: 0.6854
step: 210000/500000 | train_loss: 0.8693 | train_metric: 0.6888
step: 220000/500000 | train_loss: 0.8686 | train_metric: 0.6891
step: 230000/500000 | train_loss: 0.8676 | train_metric: 0.6896
step: 240000/500000 | train_loss: 0.8669 | train_metric: 0.6899
step: 250000/500000 | train_loss: 0.8667 | train_metric: 0.6900
step: 260000/500000 | train_loss: 0.8666 | train_metric: 0.6900
step: 270000/500000 | train_loss: 0.8663 | train_metric: 0.6902
step: 280000/500000 | train_loss: 0.8659 | train_metric: 0.6903
step: 290000/500000 | train_loss: 0.8655 | train_metric: 0.6904
step: 300000/500000 | train_loss: 0.8652 | train_metric: 0.6905
epoch: 3/5 | val_loss: 0.9991 | val_metric: 0.6413
step: 310000/500000 | train_loss: 0.8596 | train_metric: 0.6929
step: 320000/500000 | train_loss: 0.8608 | train_metric: 0.6925
step: 330000/500000 | train_loss: 0.8606 | train_metric: 0.6925
step: 340000/500000 | train_loss: 0.8604 | train_metric: 0.6925
step: 350000/500000 | train_loss: 0.8602 | train_metric: 0.6926
step: 360000/500000 | train_loss: 0.8599 | train_metric: 0.6927
step: 370000/500000 | train_loss: 0.8592 | train_metric: 0.6929
step: 380000/500000 | train_loss: 0.8582 | train_metric: 0.6933
step: 390000/500000 | train_loss: 0.8571 | train_metric: 0.6937
step: 400000/500000 | train_loss: 0.8560 | train_metric: 0.6941
epoch: 4/5 | val_loss: 2.8010 | val_metric: 0.2743
step: 410000/500000 | train_loss: 0.8441 | train_metric: 0.6987
step: 420000/500000 | train_loss: 0.8439 | train_metric: 0.6988
step: 430000/500000 | train_loss: 0.8441 | train_metric: 0.6987
step: 440000/500000 | train_loss: 0.8436 | train_metric: 0.6989
step: 450000/500000 | train_loss: 0.8431 | train_metric: 0.6990
step: 460000/500000 | train_loss: 0.8427 | train_metric: 0.6992
step: 470000/500000 | train_loss: 0.8424 | train_metric: 0.6992
step: 480000/500000 | train_loss: 0.8424 | train_metric: 0.6992
step: 490000/500000 | train_loss: 0.8423 | train_metric: 0.6993
step: 500000/500000 | train_loss: 0.8422 | train_metric: 0.6993
epoch: 5/5 | val_loss: 5.6379 | val_metric: 0.1204
