Node list: nid008472
Sun Oct 26 10:27:54 2025       
+-----------------------------------------------------------------------------------------+
| NVIDIA-SMI 550.163.01             Driver Version: 550.163.01     CUDA Version: 12.4     |
|-----------------------------------------+------------------------+----------------------+
| GPU  Name                 Persistence-M | Bus-Id          Disp.A | Volatile Uncorr. ECC |
| Fan  Temp   Perf          Pwr:Usage/Cap |           Memory-Usage | GPU-Util  Compute M. |
|                                         |                        |               MIG M. |
|=========================================+========================+======================|
|   0  NVIDIA A100-SXM4-80GB          On  |   00000000:03:00.0 Off |                    0 |
| N/A   28C    P0             64W /  500W |       1MiB /  81920MiB |      0%      Default |
|                                         |                        |             Disabled |
+-----------------------------------------+------------------------+----------------------+
|   1  NVIDIA A100-SXM4-80GB          On  |   00000000:41:00.0 Off |                    0 |
| N/A   28C    P0             65W /  500W |       1MiB /  81920MiB |      0%      Default |
|                                         |                        |             Disabled |
+-----------------------------------------+------------------------+----------------------+
|   2  NVIDIA A100-SXM4-80GB          On  |   00000000:82:00.0 Off |                    0 |
| N/A   29C    P0             65W /  500W |       1MiB /  81920MiB |      0%      Default |
|                                         |                        |             Disabled |
+-----------------------------------------+------------------------+----------------------+
|   3  NVIDIA A100-SXM4-80GB          On  |   00000000:C1:00.0 Off |                    0 |
| N/A   27C    P0             61W /  500W |       1MiB /  81920MiB |      0%      Default |
|                                         |                        |             Disabled |
+-----------------------------------------+------------------------+----------------------+
                                                                                         
+-----------------------------------------------------------------------------------------+
| Processes:                                                                              |
|  GPU   GI   CI        PID   Type   Process name                              GPU Memory |
|        ID   ID                                                               Usage      |
|=========================================================================================|
|  No running processes found                                                             |
+-----------------------------------------------------------------------------------------+
step: 10000/500000 | train_loss: 1.1787 | train_metric: 0.5730
step: 20000/500000 | train_loss: 1.0870 | train_metric: 0.6071
step: 30000/500000 | train_loss: 1.0435 | train_metric: 0.6232
step: 40000/500000 | train_loss: 1.0165 | train_metric: 0.6333
step: 50000/500000 | train_loss: 0.9973 | train_metric: 0.6405
step: 60000/500000 | train_loss: 0.9833 | train_metric: 0.6457
step: 70000/500000 | train_loss: 0.9721 | train_metric: 0.6499
step: 80000/500000 | train_loss: 0.9629 | train_metric: 0.6534
step: 90000/500000 | train_loss: 0.9552 | train_metric: 0.6563
step: 100000/500000 | train_loss: 0.9486 | train_metric: 0.6588
epoch: 1/5 | val_loss: 0.8970 | val_metric: 0.6787
step: 110000/500000 | train_loss: 0.8869 | train_metric: 0.6823
step: 120000/500000 | train_loss: 0.8855 | train_metric: 0.6828
step: 130000/500000 | train_loss: 0.8840 | train_metric: 0.6833
step: 140000/500000 | train_loss: 0.8828 | train_metric: 0.6838
step: 150000/500000 | train_loss: 0.8819 | train_metric: 0.6841
step: 160000/500000 | train_loss: 0.8808 | train_metric: 0.6846
step: 170000/500000 | train_loss: 0.8797 | train_metric: 0.6850
step: 180000/500000 | train_loss: 0.8789 | train_metric: 0.6854
step: 190000/500000 | train_loss: 0.8780 | train_metric: 0.6857
step: 200000/500000 | train_loss: 0.8772 | train_metric: 0.6860
epoch: 2/5 | val_loss: 0.9437 | val_metric: 0.6599
step: 210000/500000 | train_loss: 0.8682 | train_metric: 0.6893
step: 220000/500000 | train_loss: 0.8676 | train_metric: 0.6896
step: 230000/500000 | train_loss: 0.8674 | train_metric: 0.6898
step: 240000/500000 | train_loss: 0.8671 | train_metric: 0.6899
step: 250000/500000 | train_loss: 0.8667 | train_metric: 0.6901
step: 260000/500000 | train_loss: 0.8663 | train_metric: 0.6902
step: 270000/500000 | train_loss: 0.8659 | train_metric: 0.6904
step: 280000/500000 | train_loss: 0.8657 | train_metric: 0.6905
step: 290000/500000 | train_loss: 0.8653 | train_metric: 0.6907
step: 300000/500000 | train_loss: 0.8650 | train_metric: 0.6908
epoch: 3/5 | val_loss: 0.8704 | val_metric: 0.6885
step: 310000/500000 | train_loss: 0.8613 | train_metric: 0.6922
step: 320000/500000 | train_loss: 0.8603 | train_metric: 0.6925
step: 330000/500000 | train_loss: 0.8600 | train_metric: 0.6926
step: 340000/500000 | train_loss: 0.8600 | train_metric: 0.6926
step: 350000/500000 | train_loss: 0.8600 | train_metric: 0.6926
step: 360000/500000 | train_loss: 0.8597 | train_metric: 0.6927
step: 370000/500000 | train_loss: 0.8592 | train_metric: 0.6929
step: 380000/500000 | train_loss: 0.8584 | train_metric: 0.6932
step: 390000/500000 | train_loss: 0.8574 | train_metric: 0.6936
step: 400000/500000 | train_loss: 0.8564 | train_metric: 0.6940
epoch: 4/5 | val_loss: 0.8730 | val_metric: 0.6871
step: 410000/500000 | train_loss: 0.8439 | train_metric: 0.6986
step: 420000/500000 | train_loss: 0.8439 | train_metric: 0.6988
step: 430000/500000 | train_loss: 0.8433 | train_metric: 0.6991
step: 440000/500000 | train_loss: 0.8430 | train_metric: 0.6991
step: 450000/500000 | train_loss: 0.8427 | train_metric: 0.6992
step: 460000/500000 | train_loss: 0.8423 | train_metric: 0.6994
step: 470000/500000 | train_loss: 0.8419 | train_metric: 0.6995
step: 480000/500000 | train_loss: 0.8418 | train_metric: 0.6995
step: 490000/500000 | train_loss: 0.8417 | train_metric: 0.6996
step: 500000/500000 | train_loss: 0.8416 | train_metric: 0.6996
epoch: 5/5 | val_loss: 0.8552 | val_metric: 0.6941
