Node list: nid003997
Fri Oct 31 01:51:14 2025       
+-----------------------------------------------------------------------------------------+
| NVIDIA-SMI 550.163.01             Driver Version: 550.163.01     CUDA Version: 12.4     |
|-----------------------------------------+------------------------+----------------------+
| GPU  Name                 Persistence-M | Bus-Id          Disp.A | Volatile Uncorr. ECC |
| Fan  Temp   Perf          Pwr:Usage/Cap |           Memory-Usage | GPU-Util  Compute M. |
|                                         |                        |               MIG M. |
|=========================================+========================+======================|
|   0  NVIDIA A100-SXM4-40GB          On  |   00000000:03:00.0 Off |                    0 |
| N/A   29C    P0             57W /  400W |       1MiB /  40960MiB |      0%      Default |
|                                         |                        |             Disabled |
+-----------------------------------------+------------------------+----------------------+
|   1  NVIDIA A100-SXM4-40GB          On  |   00000000:41:00.0 Off |                    0 |
| N/A   28C    P0             53W /  400W |       1MiB /  40960MiB |      0%      Default |
|                                         |                        |             Disabled |
+-----------------------------------------+------------------------+----------------------+
|   2  NVIDIA A100-SXM4-40GB          On  |   00000000:82:00.0 Off |                    0 |
| N/A   29C    P0             56W /  400W |       1MiB /  40960MiB |      0%      Default |
|                                         |                        |             Disabled |
+-----------------------------------------+------------------------+----------------------+
|   3  NVIDIA A100-SXM4-40GB          On  |   00000000:C1:00.0 Off |                    0 |
| N/A   27C    P0             56W /  400W |       1MiB /  40960MiB |      0%      Default |
|                                         |                        |             Disabled |
+-----------------------------------------+------------------------+----------------------+
                                                                                         
+-----------------------------------------------------------------------------------------+
| Processes:                                                                              |
|  GPU   GI   CI        PID   Type   Process name                              GPU Memory |
|        ID   ID                                                               Usage      |
|=========================================================================================|
|  No running processes found                                                             |
+-----------------------------------------------------------------------------------------+
step: 10000/500000 | train_loss: 1.5477 | train_metric: 0.4235
step: 20000/500000 | train_loss: 1.3172 | train_metric: 0.5151
step: 30000/500000 | train_loss: 1.2217 | train_metric: 0.5524
step: 40000/500000 | train_loss: 1.1673 | train_metric: 0.5734
step: 50000/500000 | train_loss: 1.1303 | train_metric: 0.5875
step: 60000/500000 | train_loss: 1.1023 | train_metric: 0.5983
step: 70000/500000 | train_loss: 1.0794 | train_metric: 0.6071
step: 80000/500000 | train_loss: 1.0600 | train_metric: 0.6146
step: 90000/500000 | train_loss: 1.0438 | train_metric: 0.6209
step: 100000/500000 | train_loss: 1.0299 | train_metric: 0.6263
epoch: 1/5 | val_loss: 0.9616 | val_metric: 0.6520
step: 110000/500000 | train_loss: 0.8989 | train_metric: 0.6775
step: 120000/500000 | train_loss: 0.8964 | train_metric: 0.6783
step: 130000/500000 | train_loss: 0.8948 | train_metric: 0.6789
step: 140000/500000 | train_loss: 0.8935 | train_metric: 0.6794
step: 150000/500000 | train_loss: 0.8920 | train_metric: 0.6800
step: 160000/500000 | train_loss: 0.8904 | train_metric: 0.6806
step: 170000/500000 | train_loss: 0.8890 | train_metric: 0.6812
step: 180000/500000 | train_loss: 0.8877 | train_metric: 0.6817
step: 190000/500000 | train_loss: 0.8866 | train_metric: 0.6820
step: 200000/500000 | train_loss: 0.8855 | train_metric: 0.6825
epoch: 2/5 | val_loss: 0.9422 | val_metric: 0.6582
step: 210000/500000 | train_loss: 0.8739 | train_metric: 0.6868
step: 220000/500000 | train_loss: 0.8738 | train_metric: 0.6869
step: 230000/500000 | train_loss: 0.8733 | train_metric: 0.6870
step: 240000/500000 | train_loss: 0.8729 | train_metric: 0.6873
step: 250000/500000 | train_loss: 0.8722 | train_metric: 0.6875
step: 260000/500000 | train_loss: 0.8718 | train_metric: 0.6877
step: 270000/500000 | train_loss: 0.8714 | train_metric: 0.6879
step: 280000/500000 | train_loss: 0.8710 | train_metric: 0.6881
step: 290000/500000 | train_loss: 0.8706 | train_metric: 0.6883
step: 300000/500000 | train_loss: 0.8702 | train_metric: 0.6884
epoch: 3/5 | val_loss: 0.9058 | val_metric: 0.6737
step: 310000/500000 | train_loss: 0.8643 | train_metric: 0.6906
step: 320000/500000 | train_loss: 0.8644 | train_metric: 0.6905
step: 330000/500000 | train_loss: 0.8641 | train_metric: 0.6907
step: 340000/500000 | train_loss: 0.8644 | train_metric: 0.6907
step: 350000/500000 | train_loss: 0.8639 | train_metric: 0.6908
step: 360000/500000 | train_loss: 0.8639 | train_metric: 0.6908
step: 370000/500000 | train_loss: 0.8631 | train_metric: 0.6912
step: 380000/500000 | train_loss: 0.8620 | train_metric: 0.6916
step: 390000/500000 | train_loss: 0.8611 | train_metric: 0.6920
step: 400000/500000 | train_loss: 0.8599 | train_metric: 0.6925
epoch: 4/5 | val_loss: 0.8878 | val_metric: 0.6808
step: 410000/500000 | train_loss: 0.8477 | train_metric: 0.6971
step: 420000/500000 | train_loss: 0.8481 | train_metric: 0.6969
step: 430000/500000 | train_loss: 0.8474 | train_metric: 0.6972
step: 440000/500000 | train_loss: 0.8470 | train_metric: 0.6974
step: 450000/500000 | train_loss: 0.8466 | train_metric: 0.6975
step: 460000/500000 | train_loss: 0.8461 | train_metric: 0.6977
step: 470000/500000 | train_loss: 0.8457 | train_metric: 0.6978
step: 480000/500000 | train_loss: 0.8454 | train_metric: 0.6980
step: 490000/500000 | train_loss: 0.8452 | train_metric: 0.6980
step: 500000/500000 | train_loss: 0.8451 | train_metric: 0.6981
epoch: 5/5 | val_loss: 0.8737 | val_metric: 0.6858
