Node list: nid003956
Thu Oct 30 22:36:01 2025       
+-----------------------------------------------------------------------------------------+
| NVIDIA-SMI 550.163.01             Driver Version: 550.163.01     CUDA Version: 12.4     |
|-----------------------------------------+------------------------+----------------------+
| GPU  Name                 Persistence-M | Bus-Id          Disp.A | Volatile Uncorr. ECC |
| Fan  Temp   Perf          Pwr:Usage/Cap |           Memory-Usage | GPU-Util  Compute M. |
|                                         |                        |               MIG M. |
|=========================================+========================+======================|
|   0  NVIDIA A100-SXM4-40GB          On  |   00000000:03:00.0 Off |                    0 |
| N/A   30C    P0             56W /  400W |       1MiB /  40960MiB |      0%      Default |
|                                         |                        |             Disabled |
+-----------------------------------------+------------------------+----------------------+
|   1  NVIDIA A100-SXM4-40GB          On  |   00000000:41:00.0 Off |                    0 |
| N/A   27C    P0             52W /  400W |       1MiB /  40960MiB |      0%      Default |
|                                         |                        |             Disabled |
+-----------------------------------------+------------------------+----------------------+
|   2  NVIDIA A100-SXM4-40GB          On  |   00000000:82:00.0 Off |                    0 |
| N/A   29C    P0             51W /  400W |       1MiB /  40960MiB |      0%      Default |
|                                         |                        |             Disabled |
+-----------------------------------------+------------------------+----------------------+
|   3  NVIDIA A100-SXM4-40GB          On  |   00000000:C1:00.0 Off |                    0 |
| N/A   28C    P0             53W /  400W |       1MiB /  40960MiB |      0%      Default |
|                                         |                        |             Disabled |
+-----------------------------------------+------------------------+----------------------+
                                                                                         
+-----------------------------------------------------------------------------------------+
| Processes:                                                                              |
|  GPU   GI   CI        PID   Type   Process name                              GPU Memory |
|        ID   ID                                                               Usage      |
|=========================================================================================|
|  No running processes found                                                             |
+-----------------------------------------------------------------------------------------+
step: 10000/500000 | train_loss: 1.3591 | train_metric: 0.4999
step: 20000/500000 | train_loss: 1.2006 | train_metric: 0.5614
step: 30000/500000 | train_loss: 1.1299 | train_metric: 0.5886
step: 40000/500000 | train_loss: 1.0878 | train_metric: 0.6047
step: 50000/500000 | train_loss: 1.0589 | train_metric: 0.6158
step: 60000/500000 | train_loss: 1.0378 | train_metric: 0.6237
step: 70000/500000 | train_loss: 1.0215 | train_metric: 0.6300
step: 80000/500000 | train_loss: 1.0084 | train_metric: 0.6350
step: 90000/500000 | train_loss: 0.9975 | train_metric: 0.6391
step: 100000/500000 | train_loss: 0.9883 | train_metric: 0.6426
epoch: 1/5 | val_loss: 0.9344 | val_metric: 0.6619
step: 110000/500000 | train_loss: 0.9026 | train_metric: 0.6752
step: 120000/500000 | train_loss: 0.9007 | train_metric: 0.6761
step: 130000/500000 | train_loss: 0.8988 | train_metric: 0.6769
step: 140000/500000 | train_loss: 0.8971 | train_metric: 0.6775
step: 150000/500000 | train_loss: 0.8959 | train_metric: 0.6780
step: 160000/500000 | train_loss: 0.8945 | train_metric: 0.6786
step: 170000/500000 | train_loss: 0.8931 | train_metric: 0.6791
step: 180000/500000 | train_loss: 0.8918 | train_metric: 0.6797
step: 190000/500000 | train_loss: 0.8906 | train_metric: 0.6802
step: 200000/500000 | train_loss: 0.8895 | train_metric: 0.6806
epoch: 2/5 | val_loss: 0.9340 | val_metric: 0.6616
step: 210000/500000 | train_loss: 0.8775 | train_metric: 0.6855
step: 220000/500000 | train_loss: 0.8765 | train_metric: 0.6857
step: 230000/500000 | train_loss: 0.8760 | train_metric: 0.6860
step: 240000/500000 | train_loss: 0.8755 | train_metric: 0.6862
step: 250000/500000 | train_loss: 0.8749 | train_metric: 0.6864
step: 260000/500000 | train_loss: 0.8743 | train_metric: 0.6866
step: 270000/500000 | train_loss: 0.8737 | train_metric: 0.6869
step: 280000/500000 | train_loss: 0.8734 | train_metric: 0.6871
step: 290000/500000 | train_loss: 0.8729 | train_metric: 0.6872
step: 300000/500000 | train_loss: 0.8725 | train_metric: 0.6874
epoch: 3/5 | val_loss: 0.8968 | val_metric: 0.6764
step: 310000/500000 | train_loss: 0.8673 | train_metric: 0.6895
step: 320000/500000 | train_loss: 0.8663 | train_metric: 0.6899
step: 330000/500000 | train_loss: 0.8659 | train_metric: 0.6900
step: 340000/500000 | train_loss: 0.8659 | train_metric: 0.6900
step: 350000/500000 | train_loss: 0.8656 | train_metric: 0.6901
step: 360000/500000 | train_loss: 0.8651 | train_metric: 0.6903
step: 370000/500000 | train_loss: 0.8644 | train_metric: 0.6906
step: 380000/500000 | train_loss: 0.8634 | train_metric: 0.6910
step: 390000/500000 | train_loss: 0.8623 | train_metric: 0.6914
step: 400000/500000 | train_loss: 0.8612 | train_metric: 0.6918
epoch: 4/5 | val_loss: 0.8894 | val_metric: 0.6791
step: 410000/500000 | train_loss: 0.8476 | train_metric: 0.6969
step: 420000/500000 | train_loss: 0.8477 | train_metric: 0.6970
step: 430000/500000 | train_loss: 0.8471 | train_metric: 0.6973
step: 440000/500000 | train_loss: 0.8467 | train_metric: 0.6974
step: 450000/500000 | train_loss: 0.8464 | train_metric: 0.6976
step: 460000/500000 | train_loss: 0.8460 | train_metric: 0.6977
step: 470000/500000 | train_loss: 0.8456 | train_metric: 0.6979
step: 480000/500000 | train_loss: 0.8455 | train_metric: 0.6979
step: 490000/500000 | train_loss: 0.8454 | train_metric: 0.6980
step: 500000/500000 | train_loss: 0.8452 | train_metric: 0.6980
epoch: 5/5 | val_loss: 0.8961 | val_metric: 0.6773
