Node list: nid003592
Sat Nov  1 13:59:32 2025       
+-----------------------------------------------------------------------------------------+
| NVIDIA-SMI 550.163.01             Driver Version: 550.163.01     CUDA Version: 12.4     |
|-----------------------------------------+------------------------+----------------------+
| GPU  Name                 Persistence-M | Bus-Id          Disp.A | Volatile Uncorr. ECC |
| Fan  Temp   Perf          Pwr:Usage/Cap |           Memory-Usage | GPU-Util  Compute M. |
|                                         |                        |               MIG M. |
|=========================================+========================+======================|
|   0  NVIDIA A100-SXM4-40GB          On  |   00000000:03:00.0 Off |                    0 |
| N/A   29C    P0             54W /  400W |       1MiB /  40960MiB |      0%      Default |
|                                         |                        |             Disabled |
+-----------------------------------------+------------------------+----------------------+
|   1  NVIDIA A100-SXM4-40GB          On  |   00000000:41:00.0 Off |                    0 |
| N/A   29C    P0             54W /  400W |       1MiB /  40960MiB |      0%      Default |
|                                         |                        |             Disabled |
+-----------------------------------------+------------------------+----------------------+
|   2  NVIDIA A100-SXM4-40GB          On  |   00000000:82:00.0 Off |                    0 |
| N/A   29C    P0             52W /  400W |       1MiB /  40960MiB |      0%      Default |
|                                         |                        |             Disabled |
+-----------------------------------------+------------------------+----------------------+
|   3  NVIDIA A100-SXM4-40GB          On  |   00000000:C1:00.0 Off |                    0 |
| N/A   28C    P0             54W /  400W |       1MiB /  40960MiB |      0%      Default |
|                                         |                        |             Disabled |
+-----------------------------------------+------------------------+----------------------+
                                                                                         
+-----------------------------------------------------------------------------------------+
| Processes:                                                                              |
|  GPU   GI   CI        PID   Type   Process name                              GPU Memory |
|        ID   ID                                                               Usage      |
|=========================================================================================|
|  No running processes found                                                             |
+-----------------------------------------------------------------------------------------+
step: 10000/500000 | train_loss: 1.3770 | train_metric: 0.4910
step: 20000/500000 | train_loss: 1.2047 | train_metric: 0.5588
step: 30000/500000 | train_loss: 1.1291 | train_metric: 0.5882
step: 40000/500000 | train_loss: 1.0845 | train_metric: 0.6055
step: 50000/500000 | train_loss: 1.0549 | train_metric: 0.6169
step: 60000/500000 | train_loss: 1.0333 | train_metric: 0.6253
step: 70000/500000 | train_loss: 1.0168 | train_metric: 0.6317
step: 80000/500000 | train_loss: 1.0036 | train_metric: 0.6367
step: 90000/500000 | train_loss: 0.9927 | train_metric: 0.6409
step: 100000/500000 | train_loss: 0.9837 | train_metric: 0.6444
epoch: 1/5 | val_loss: 0.9204 | val_metric: 0.6671
step: 110000/500000 | train_loss: 0.8980 | train_metric: 0.6778
step: 120000/500000 | train_loss: 0.8965 | train_metric: 0.6783
step: 130000/500000 | train_loss: 0.8953 | train_metric: 0.6787
step: 140000/500000 | train_loss: 0.8951 | train_metric: 0.6787
step: 150000/500000 | train_loss: 0.8940 | train_metric: 0.6792
step: 160000/500000 | train_loss: 0.8928 | train_metric: 0.6796
step: 170000/500000 | train_loss: 0.8915 | train_metric: 0.6801
step: 180000/500000 | train_loss: 0.8905 | train_metric: 0.6805
step: 190000/500000 | train_loss: 0.8895 | train_metric: 0.6809
step: 200000/500000 | train_loss: 0.8885 | train_metric: 0.6812
epoch: 2/5 | val_loss: 0.8941 | val_metric: 0.6776
step: 210000/500000 | train_loss: 0.8780 | train_metric: 0.6854
step: 220000/500000 | train_loss: 0.8771 | train_metric: 0.6855
step: 230000/500000 | train_loss: 0.8767 | train_metric: 0.6858
step: 240000/500000 | train_loss: 0.8762 | train_metric: 0.6859
step: 250000/500000 | train_loss: 0.8758 | train_metric: 0.6861
step: 260000/500000 | train_loss: 0.8753 | train_metric: 0.6863
step: 270000/500000 | train_loss: 0.8751 | train_metric: 0.6864
step: 280000/500000 | train_loss: 0.8746 | train_metric: 0.6866
step: 290000/500000 | train_loss: 0.8741 | train_metric: 0.6868
step: 300000/500000 | train_loss: 0.8737 | train_metric: 0.6870
epoch: 3/5 | val_loss: 0.9031 | val_metric: 0.6733
step: 310000/500000 | train_loss: 0.8683 | train_metric: 0.6890
step: 320000/500000 | train_loss: 0.8680 | train_metric: 0.6892
step: 330000/500000 | train_loss: 0.8678 | train_metric: 0.6893
step: 340000/500000 | train_loss: 0.8676 | train_metric: 0.6893
step: 350000/500000 | train_loss: 0.8672 | train_metric: 0.6895
step: 360000/500000 | train_loss: 0.8671 | train_metric: 0.6895
step: 370000/500000 | train_loss: 0.8663 | train_metric: 0.6898
step: 380000/500000 | train_loss: 0.8654 | train_metric: 0.6902
step: 390000/500000 | train_loss: 0.8644 | train_metric: 0.6906
step: 400000/500000 | train_loss: 0.8633 | train_metric: 0.6910
epoch: 4/5 | val_loss: 1.9080 | val_metric: 0.3420
step: 410000/500000 | train_loss: 0.8508 | train_metric: 0.6957
step: 420000/500000 | train_loss: 0.8503 | train_metric: 0.6960
step: 430000/500000 | train_loss: 0.8502 | train_metric: 0.6960
step: 440000/500000 | train_loss: 0.8493 | train_metric: 0.6964
step: 450000/500000 | train_loss: 0.8487 | train_metric: 0.6966
step: 460000/500000 | train_loss: 0.8483 | train_metric: 0.6967
step: 470000/500000 | train_loss: 0.8481 | train_metric: 0.6968
step: 480000/500000 | train_loss: 0.8479 | train_metric: 0.6969
step: 490000/500000 | train_loss: 0.8476 | train_metric: 0.6970
step: 500000/500000 | train_loss: 0.8473 | train_metric: 0.6971
epoch: 5/5 | val_loss: 0.8723 | val_metric: 0.6863
