Node list: nid008700
Fri Oct 24 15:33:28 2025       
+-----------------------------------------------------------------------------------------+
| NVIDIA-SMI 550.163.01             Driver Version: 550.163.01     CUDA Version: 12.4     |
|-----------------------------------------+------------------------+----------------------+
| GPU  Name                 Persistence-M | Bus-Id          Disp.A | Volatile Uncorr. ECC |
| Fan  Temp   Perf          Pwr:Usage/Cap |           Memory-Usage | GPU-Util  Compute M. |
|                                         |                        |               MIG M. |
|=========================================+========================+======================|
|   0  NVIDIA A100-SXM4-80GB          On  |   00000000:03:00.0 Off |                    0 |
| N/A   30C    P0             61W /  500W |       1MiB /  81920MiB |      0%      Default |
|                                         |                        |             Disabled |
+-----------------------------------------+------------------------+----------------------+
|   1  NVIDIA A100-SXM4-80GB          On  |   00000000:41:00.0 Off |                    0 |
| N/A   28C    P0             61W /  500W |       1MiB /  81920MiB |      0%      Default |
|                                         |                        |             Disabled |
+-----------------------------------------+------------------------+----------------------+
|   2  NVIDIA A100-SXM4-80GB          On  |   00000000:82:00.0 Off |                    0 |
| N/A   29C    P0             63W /  500W |       1MiB /  81920MiB |      0%      Default |
|                                         |                        |             Disabled |
+-----------------------------------------+------------------------+----------------------+
|   3  NVIDIA A100-SXM4-80GB          On  |   00000000:C1:00.0 Off |                    0 |
| N/A   28C    P0             62W /  500W |       1MiB /  81920MiB |      0%      Default |
|                                         |                        |             Disabled |
+-----------------------------------------+------------------------+----------------------+
                                                                                         
+-----------------------------------------------------------------------------------------+
| Processes:                                                                              |
|  GPU   GI   CI        PID   Type   Process name                              GPU Memory |
|        ID   ID                                                               Usage      |
|=========================================================================================|
|  No running processes found                                                             |
+-----------------------------------------------------------------------------------------+
step: 10000/500000 | train_loss: 1.5465 | train_metric: 0.4264
step: 20000/500000 | train_loss: 1.3278 | train_metric: 0.5123
step: 30000/500000 | train_loss: 1.2335 | train_metric: 0.5486
step: 40000/500000 | train_loss: 1.1779 | train_metric: 0.5698
step: 50000/500000 | train_loss: 1.1400 | train_metric: 0.5844
step: 60000/500000 | train_loss: 1.1104 | train_metric: 0.5956
step: 70000/500000 | train_loss: 1.0867 | train_metric: 0.6047
step: 80000/500000 | train_loss: 1.0669 | train_metric: 0.6123
step: 90000/500000 | train_loss: 1.0501 | train_metric: 0.6187
step: 100000/500000 | train_loss: 1.0360 | train_metric: 0.6242
epoch: 1/5 | val_loss: 0.9878 | val_metric: 0.6413
step: 110000/500000 | train_loss: 0.9030 | train_metric: 0.6755
step: 120000/500000 | train_loss: 0.9003 | train_metric: 0.6766
step: 130000/500000 | train_loss: 0.8983 | train_metric: 0.6773
step: 140000/500000 | train_loss: 0.8964 | train_metric: 0.6781
step: 150000/500000 | train_loss: 0.8945 | train_metric: 0.6789
step: 160000/500000 | train_loss: 0.8929 | train_metric: 0.6795
step: 170000/500000 | train_loss: 0.8914 | train_metric: 0.6801
step: 180000/500000 | train_loss: 0.8900 | train_metric: 0.6807
step: 190000/500000 | train_loss: 0.8888 | train_metric: 0.6811
step: 200000/500000 | train_loss: 0.8877 | train_metric: 0.6816
epoch: 2/5 | val_loss: 0.8914 | val_metric: 0.6796
step: 210000/500000 | train_loss: 0.8758 | train_metric: 0.6861
step: 220000/500000 | train_loss: 0.8755 | train_metric: 0.6863
step: 230000/500000 | train_loss: 0.8745 | train_metric: 0.6868
step: 240000/500000 | train_loss: 0.8741 | train_metric: 0.6870
step: 250000/500000 | train_loss: 0.8737 | train_metric: 0.6871
step: 260000/500000 | train_loss: 0.8733 | train_metric: 0.6873
step: 270000/500000 | train_loss: 0.8726 | train_metric: 0.6876
step: 280000/500000 | train_loss: 0.8720 | train_metric: 0.6878
step: 290000/500000 | train_loss: 0.8716 | train_metric: 0.6880
step: 300000/500000 | train_loss: 0.8711 | train_metric: 0.6881
epoch: 3/5 | val_loss: 0.8802 | val_metric: 0.6826
step: 310000/500000 | train_loss: 0.8656 | train_metric: 0.6901
step: 320000/500000 | train_loss: 0.8656 | train_metric: 0.6904
step: 330000/500000 | train_loss: 0.8649 | train_metric: 0.6905
step: 340000/500000 | train_loss: 0.8649 | train_metric: 0.6905
step: 350000/500000 | train_loss: 0.8647 | train_metric: 0.6906
step: 360000/500000 | train_loss: 0.8645 | train_metric: 0.6907
step: 370000/500000 | train_loss: 0.8638 | train_metric: 0.6910
step: 380000/500000 | train_loss: 0.8629 | train_metric: 0.6914
step: 390000/500000 | train_loss: 0.8619 | train_metric: 0.6917
step: 400000/500000 | train_loss: 0.8607 | train_metric: 0.6922
epoch: 4/5 | val_loss: 0.8599 | val_metric: 0.6919
step: 410000/500000 | train_loss: 0.8480 | train_metric: 0.6969
step: 420000/500000 | train_loss: 0.8475 | train_metric: 0.6971
step: 430000/500000 | train_loss: 0.8470 | train_metric: 0.6973
step: 440000/500000 | train_loss: 0.8467 | train_metric: 0.6974
step: 450000/500000 | train_loss: 0.8463 | train_metric: 0.6975
step: 460000/500000 | train_loss: 0.8460 | train_metric: 0.6977
step: 470000/500000 | train_loss: 0.8455 | train_metric: 0.6979
step: 480000/500000 | train_loss: 0.8452 | train_metric: 0.6980
step: 490000/500000 | train_loss: 0.8450 | train_metric: 0.6981
step: 500000/500000 | train_loss: 0.8447 | train_metric: 0.6982
epoch: 5/5 | val_loss: 0.8568 | val_metric: 0.6927
