Node list: nid008589
Fri Oct 24 15:28:49 2025       
+-----------------------------------------------------------------------------------------+
| NVIDIA-SMI 550.163.01             Driver Version: 550.163.01     CUDA Version: 12.4     |
|-----------------------------------------+------------------------+----------------------+
| GPU  Name                 Persistence-M | Bus-Id          Disp.A | Volatile Uncorr. ECC |
| Fan  Temp   Perf          Pwr:Usage/Cap |           Memory-Usage | GPU-Util  Compute M. |
|                                         |                        |               MIG M. |
|=========================================+========================+======================|
|   0  NVIDIA A100-SXM4-80GB          On  |   00000000:03:00.0 Off |                    0 |
| N/A   28C    P0             58W /  500W |       1MiB /  81920MiB |      0%      Default |
|                                         |                        |             Disabled |
+-----------------------------------------+------------------------+----------------------+
|   1  NVIDIA A100-SXM4-80GB          On  |   00000000:41:00.0 Off |                    0 |
| N/A   27C    P0             61W /  500W |       1MiB /  81920MiB |      0%      Default |
|                                         |                        |             Disabled |
+-----------------------------------------+------------------------+----------------------+
|   2  NVIDIA A100-SXM4-80GB          On  |   00000000:82:00.0 Off |                    0 |
| N/A   28C    P0             61W /  500W |       1MiB /  81920MiB |      0%      Default |
|                                         |                        |             Disabled |
+-----------------------------------------+------------------------+----------------------+
|   3  NVIDIA A100-SXM4-80GB          On  |   00000000:C1:00.0 Off |                    0 |
| N/A   27C    P0             62W /  500W |       1MiB /  81920MiB |      0%      Default |
|                                         |                        |             Disabled |
+-----------------------------------------+------------------------+----------------------+
                                                                                         
+-----------------------------------------------------------------------------------------+
| Processes:                                                                              |
|  GPU   GI   CI        PID   Type   Process name                              GPU Memory |
|        ID   ID                                                               Usage      |
|=========================================================================================|
|  No running processes found                                                             |
+-----------------------------------------------------------------------------------------+
step: 10000/500000 | train_loss: 1.5068 | train_metric: 0.4408
step: 20000/500000 | train_loss: 1.2823 | train_metric: 0.5291
step: 30000/500000 | train_loss: 1.1853 | train_metric: 0.5666
step: 40000/500000 | train_loss: 1.1289 | train_metric: 0.5883
step: 50000/500000 | train_loss: 1.0926 | train_metric: 0.6023
step: 60000/500000 | train_loss: 1.0661 | train_metric: 0.6125
step: 70000/500000 | train_loss: 1.0460 | train_metric: 0.6202
step: 80000/500000 | train_loss: 1.0299 | train_metric: 0.6264
step: 90000/500000 | train_loss: 1.0168 | train_metric: 0.6315
step: 100000/500000 | train_loss: 1.0059 | train_metric: 0.6356
epoch: 1/5 | val_loss: 1.0625 | val_metric: 0.6172
step: 110000/500000 | train_loss: 0.9051 | train_metric: 0.6746
step: 120000/500000 | train_loss: 0.9027 | train_metric: 0.6754
step: 130000/500000 | train_loss: 0.9010 | train_metric: 0.6761
step: 140000/500000 | train_loss: 0.8994 | train_metric: 0.6768
step: 150000/500000 | train_loss: 0.8977 | train_metric: 0.6775
step: 160000/500000 | train_loss: 0.8963 | train_metric: 0.6780
step: 170000/500000 | train_loss: 0.8950 | train_metric: 0.6786
step: 180000/500000 | train_loss: 0.8936 | train_metric: 0.6791
step: 190000/500000 | train_loss: 0.8925 | train_metric: 0.6795
step: 200000/500000 | train_loss: 0.8914 | train_metric: 0.6799
epoch: 2/5 | val_loss: 0.8949 | val_metric: 0.6789
step: 210000/500000 | train_loss: 0.8798 | train_metric: 0.6845
step: 220000/500000 | train_loss: 0.8795 | train_metric: 0.6846
step: 230000/500000 | train_loss: 0.8785 | train_metric: 0.6851
step: 240000/500000 | train_loss: 0.8780 | train_metric: 0.6854
step: 250000/500000 | train_loss: 0.8777 | train_metric: 0.6855
step: 260000/500000 | train_loss: 0.8772 | train_metric: 0.6857
step: 270000/500000 | train_loss: 0.8765 | train_metric: 0.6860
step: 280000/500000 | train_loss: 0.8758 | train_metric: 0.6862
step: 290000/500000 | train_loss: 0.8754 | train_metric: 0.6863
step: 300000/500000 | train_loss: 0.8751 | train_metric: 0.6864
epoch: 3/5 | val_loss: 0.9071 | val_metric: 0.6714
step: 310000/500000 | train_loss: 0.8704 | train_metric: 0.6881
step: 320000/500000 | train_loss: 0.8701 | train_metric: 0.6883
step: 330000/500000 | train_loss: 0.8693 | train_metric: 0.6886
step: 340000/500000 | train_loss: 0.8690 | train_metric: 0.6887
step: 350000/500000 | train_loss: 0.8686 | train_metric: 0.6889
step: 360000/500000 | train_loss: 0.8683 | train_metric: 0.6890
step: 370000/500000 | train_loss: 0.8675 | train_metric: 0.6893
step: 380000/500000 | train_loss: 0.8664 | train_metric: 0.6898
step: 390000/500000 | train_loss: 0.8653 | train_metric: 0.6902
step: 400000/500000 | train_loss: 0.8641 | train_metric: 0.6907
epoch: 4/5 | val_loss: 0.8853 | val_metric: 0.6815
step: 410000/500000 | train_loss: 0.8503 | train_metric: 0.6959
step: 420000/500000 | train_loss: 0.8498 | train_metric: 0.6961
step: 430000/500000 | train_loss: 0.8495 | train_metric: 0.6962
step: 440000/500000 | train_loss: 0.8491 | train_metric: 0.6963
step: 450000/500000 | train_loss: 0.8487 | train_metric: 0.6966
step: 460000/500000 | train_loss: 0.8484 | train_metric: 0.6967
step: 470000/500000 | train_loss: 0.8479 | train_metric: 0.6969
step: 480000/500000 | train_loss: 0.8475 | train_metric: 0.6970
step: 490000/500000 | train_loss: 0.8473 | train_metric: 0.6972
step: 500000/500000 | train_loss: 0.8470 | train_metric: 0.6973
epoch: 5/5 | val_loss: 0.8786 | val_metric: 0.6839
