Node list: nid001644
Sat Oct 18 23:23:43 2025       
+-----------------------------------------------------------------------------------------+
| NVIDIA-SMI 550.163.01             Driver Version: 550.163.01     CUDA Version: 12.4     |
|-----------------------------------------+------------------------+----------------------+
| GPU  Name                 Persistence-M | Bus-Id          Disp.A | Volatile Uncorr. ECC |
| Fan  Temp   Perf          Pwr:Usage/Cap |           Memory-Usage | GPU-Util  Compute M. |
|                                         |                        |               MIG M. |
|=========================================+========================+======================|
|   0  NVIDIA A100-SXM4-40GB          On  |   00000000:03:00.0 Off |                    0 |
| N/A   31C    P0             56W /  400W |       1MiB /  40960MiB |      0%      Default |
|                                         |                        |             Disabled |
+-----------------------------------------+------------------------+----------------------+
|   1  NVIDIA A100-SXM4-40GB          On  |   00000000:41:00.0 Off |                    0 |
| N/A   28C    P0             52W /  400W |       1MiB /  40960MiB |      0%      Default |
|                                         |                        |             Disabled |
+-----------------------------------------+------------------------+----------------------+
|   2  NVIDIA A100-SXM4-40GB          On  |   00000000:82:00.0 Off |                    0 |
| N/A   29C    P0             53W /  400W |       1MiB /  40960MiB |      0%      Default |
|                                         |                        |             Disabled |
+-----------------------------------------+------------------------+----------------------+
|   3  NVIDIA A100-SXM4-40GB          On  |   00000000:C1:00.0 Off |                    0 |
| N/A   29C    P0             53W /  400W |       1MiB /  40960MiB |      0%      Default |
|                                         |                        |             Disabled |
+-----------------------------------------+------------------------+----------------------+
                                                                                         
+-----------------------------------------------------------------------------------------+
| Processes:                                                                              |
|  GPU   GI   CI        PID   Type   Process name                              GPU Memory |
|        ID   ID                                                               Usage      |
|=========================================================================================|
|  No running processes found                                                             |
+-----------------------------------------------------------------------------------------+
step: 10000/500000 | train_loss: 1.5020 | train_metric: 0.4437
step: 20000/500000 | train_loss: 1.3012 | train_metric: 0.5226
step: 30000/500000 | train_loss: 1.2163 | train_metric: 0.5552
step: 40000/500000 | train_loss: 1.1671 | train_metric: 0.5740
step: 50000/500000 | train_loss: 1.1343 | train_metric: 0.5865
step: 60000/500000 | train_loss: 1.1099 | train_metric: 0.5957
step: 70000/500000 | train_loss: 1.0911 | train_metric: 0.6029
step: 80000/500000 | train_loss: 1.0757 | train_metric: 0.6087
step: 90000/500000 | train_loss: 1.0627 | train_metric: 0.6136
step: 100000/500000 | train_loss: 1.0512 | train_metric: 0.6180
epoch: 1/5 | val_loss: 1.0587 | val_metric: 0.6159
step: 110000/500000 | train_loss: 0.9348 | train_metric: 0.6621
step: 120000/500000 | train_loss: 0.9277 | train_metric: 0.6649
step: 130000/500000 | train_loss: 0.9223 | train_metric: 0.6672
step: 140000/500000 | train_loss: 0.9180 | train_metric: 0.6688
step: 150000/500000 | train_loss: 0.9144 | train_metric: 0.6704
step: 160000/500000 | train_loss: 0.9113 | train_metric: 0.6717
step: 170000/500000 | train_loss: 0.9088 | train_metric: 0.6727
step: 180000/500000 | train_loss: 0.9064 | train_metric: 0.6737
step: 190000/500000 | train_loss: 0.9045 | train_metric: 0.6744
step: 200000/500000 | train_loss: 0.9028 | train_metric: 0.6752
epoch: 2/5 | val_loss: 0.9161 | val_metric: 0.6690
step: 210000/500000 | train_loss: 0.8869 | train_metric: 0.6817
step: 220000/500000 | train_loss: 0.8853 | train_metric: 0.6822
step: 230000/500000 | train_loss: 0.8847 | train_metric: 0.6824
step: 240000/500000 | train_loss: 0.8839 | train_metric: 0.6828
step: 250000/500000 | train_loss: 0.8832 | train_metric: 0.6830
step: 260000/500000 | train_loss: 0.8825 | train_metric: 0.6834
step: 270000/500000 | train_loss: 0.8815 | train_metric: 0.6837
step: 280000/500000 | train_loss: 0.8808 | train_metric: 0.6839
step: 290000/500000 | train_loss: 0.8804 | train_metric: 0.6841
step: 300000/500000 | train_loss: 0.8801 | train_metric: 0.6843
epoch: 3/5 | val_loss: 0.8917 | val_metric: 0.6779
step: 310000/500000 | train_loss: 0.8755 | train_metric: 0.6859
step: 320000/500000 | train_loss: 0.8752 | train_metric: 0.6862
step: 330000/500000 | train_loss: 0.8749 | train_metric: 0.6863
step: 340000/500000 | train_loss: 0.8746 | train_metric: 0.6865
step: 350000/500000 | train_loss: 0.8745 | train_metric: 0.6865
step: 360000/500000 | train_loss: 0.8740 | train_metric: 0.6867
step: 370000/500000 | train_loss: 0.8731 | train_metric: 0.6871
step: 380000/500000 | train_loss: 0.8718 | train_metric: 0.6876
step: 390000/500000 | train_loss: 0.8703 | train_metric: 0.6882
step: 400000/500000 | train_loss: 0.8690 | train_metric: 0.6887
epoch: 4/5 | val_loss: 0.8905 | val_metric: 0.6787
step: 410000/500000 | train_loss: 0.8519 | train_metric: 0.6955
step: 420000/500000 | train_loss: 0.8516 | train_metric: 0.6957
step: 430000/500000 | train_loss: 0.8510 | train_metric: 0.6959
step: 440000/500000 | train_loss: 0.8504 | train_metric: 0.6961
step: 450000/500000 | train_loss: 0.8502 | train_metric: 0.6962
step: 460000/500000 | train_loss: 0.8498 | train_metric: 0.6963
step: 470000/500000 | train_loss: 0.8494 | train_metric: 0.6965
step: 480000/500000 | train_loss: 0.8490 | train_metric: 0.6966
step: 490000/500000 | train_loss: 0.8490 | train_metric: 0.6967
step: 500000/500000 | train_loss: 0.8488 | train_metric: 0.6967
epoch: 5/5 | val_loss: 0.8525 | val_metric: 0.6944
