Node list: nid002153
Thu Oct 30 22:40:25 2025       
+-----------------------------------------------------------------------------------------+
| NVIDIA-SMI 550.163.01             Driver Version: 550.163.01     CUDA Version: 12.4     |
|-----------------------------------------+------------------------+----------------------+
| GPU  Name                 Persistence-M | Bus-Id          Disp.A | Volatile Uncorr. ECC |
| Fan  Temp   Perf          Pwr:Usage/Cap |           Memory-Usage | GPU-Util  Compute M. |
|                                         |                        |               MIG M. |
|=========================================+========================+======================|
|   0  NVIDIA A100-SXM4-40GB          On  |   00000000:03:00.0 Off |                    0 |
| N/A   30C    P0             51W /  400W |       1MiB /  40960MiB |      0%      Default |
|                                         |                        |             Disabled |
+-----------------------------------------+------------------------+----------------------+
|   1  NVIDIA A100-SXM4-40GB          On  |   00000000:41:00.0 Off |                    0 |
| N/A   28C    P0             51W /  400W |       1MiB /  40960MiB |      0%      Default |
|                                         |                        |             Disabled |
+-----------------------------------------+------------------------+----------------------+
|   2  NVIDIA A100-SXM4-40GB          On  |   00000000:82:00.0 Off |                    0 |
| N/A   29C    P0             53W /  400W |       1MiB /  40960MiB |      0%      Default |
|                                         |                        |             Disabled |
+-----------------------------------------+------------------------+----------------------+
|   3  NVIDIA A100-SXM4-40GB          On  |   00000000:C1:00.0 Off |                    0 |
| N/A   27C    P0             52W /  400W |       1MiB /  40960MiB |      0%      Default |
|                                         |                        |             Disabled |
+-----------------------------------------+------------------------+----------------------+
                                                                                         
+-----------------------------------------------------------------------------------------+
| Processes:                                                                              |
|  GPU   GI   CI        PID   Type   Process name                              GPU Memory |
|        ID   ID                                                               Usage      |
|=========================================================================================|
|  No running processes found                                                             |
+-----------------------------------------------------------------------------------------+
step: 10000/500000 | train_loss: 1.4650 | train_metric: 0.4569
step: 20000/500000 | train_loss: 1.2723 | train_metric: 0.5331
step: 30000/500000 | train_loss: 1.1910 | train_metric: 0.5647
step: 40000/500000 | train_loss: 1.1438 | train_metric: 0.5828
step: 50000/500000 | train_loss: 1.1116 | train_metric: 0.5952
step: 60000/500000 | train_loss: 1.0870 | train_metric: 0.6045
step: 70000/500000 | train_loss: 1.0668 | train_metric: 0.6123
step: 80000/500000 | train_loss: 1.0496 | train_metric: 0.6188
step: 90000/500000 | train_loss: 1.0350 | train_metric: 0.6244
step: 100000/500000 | train_loss: 1.0225 | train_metric: 0.6292
epoch: 1/5 | val_loss: 0.9748 | val_metric: 0.6471
step: 110000/500000 | train_loss: 0.9039 | train_metric: 0.6747
step: 120000/500000 | train_loss: 0.9013 | train_metric: 0.6760
step: 130000/500000 | train_loss: 0.8989 | train_metric: 0.6770
step: 140000/500000 | train_loss: 0.8968 | train_metric: 0.6778
step: 150000/500000 | train_loss: 0.8952 | train_metric: 0.6784
step: 160000/500000 | train_loss: 0.8936 | train_metric: 0.6791
step: 170000/500000 | train_loss: 0.8919 | train_metric: 0.6798
step: 180000/500000 | train_loss: 0.8906 | train_metric: 0.6803
step: 190000/500000 | train_loss: 0.8892 | train_metric: 0.6809
step: 200000/500000 | train_loss: 0.8882 | train_metric: 0.6813
epoch: 2/5 | val_loss: 0.9389 | val_metric: 0.6599
step: 210000/500000 | train_loss: 0.8752 | train_metric: 0.6865
step: 220000/500000 | train_loss: 0.8745 | train_metric: 0.6867
step: 230000/500000 | train_loss: 0.8742 | train_metric: 0.6869
step: 240000/500000 | train_loss: 0.8737 | train_metric: 0.6871
step: 250000/500000 | train_loss: 0.8732 | train_metric: 0.6873
step: 260000/500000 | train_loss: 0.8727 | train_metric: 0.6875
step: 270000/500000 | train_loss: 0.8722 | train_metric: 0.6877
step: 280000/500000 | train_loss: 0.8719 | train_metric: 0.6878
step: 290000/500000 | train_loss: 0.8715 | train_metric: 0.6880
step: 300000/500000 | train_loss: 0.8711 | train_metric: 0.6881
epoch: 3/5 | val_loss: 0.8823 | val_metric: 0.6828
step: 310000/500000 | train_loss: 0.8665 | train_metric: 0.6903
step: 320000/500000 | train_loss: 0.8656 | train_metric: 0.6904
step: 330000/500000 | train_loss: 0.8654 | train_metric: 0.6904
step: 340000/500000 | train_loss: 0.8652 | train_metric: 0.6904
step: 350000/500000 | train_loss: 0.8650 | train_metric: 0.6904
step: 360000/500000 | train_loss: 0.8646 | train_metric: 0.6906
step: 370000/500000 | train_loss: 0.8639 | train_metric: 0.6909
step: 380000/500000 | train_loss: 0.8629 | train_metric: 0.6913
step: 390000/500000 | train_loss: 0.8619 | train_metric: 0.6917
step: 400000/500000 | train_loss: 0.8608 | train_metric: 0.6921
epoch: 4/5 | val_loss: 0.8739 | val_metric: 0.6855
step: 410000/500000 | train_loss: 0.8474 | train_metric: 0.6971
step: 420000/500000 | train_loss: 0.8475 | train_metric: 0.6972
step: 430000/500000 | train_loss: 0.8469 | train_metric: 0.6974
step: 440000/500000 | train_loss: 0.8465 | train_metric: 0.6976
step: 450000/500000 | train_loss: 0.8462 | train_metric: 0.6977
step: 460000/500000 | train_loss: 0.8458 | train_metric: 0.6979
step: 470000/500000 | train_loss: 0.8454 | train_metric: 0.6980
step: 480000/500000 | train_loss: 0.8453 | train_metric: 0.6980
step: 490000/500000 | train_loss: 0.8452 | train_metric: 0.6981
step: 500000/500000 | train_loss: 0.8450 | train_metric: 0.6982
epoch: 5/5 | val_loss: 0.8547 | val_metric: 0.6936
