Node list: nid003944
Sat Nov  1 14:45:28 2025       
+-----------------------------------------------------------------------------------------+
| NVIDIA-SMI 550.163.01             Driver Version: 550.163.01     CUDA Version: 12.4     |
|-----------------------------------------+------------------------+----------------------+
| GPU  Name                 Persistence-M | Bus-Id          Disp.A | Volatile Uncorr. ECC |
| Fan  Temp   Perf          Pwr:Usage/Cap |           Memory-Usage | GPU-Util  Compute M. |
|                                         |                        |               MIG M. |
|=========================================+========================+======================|
|   0  NVIDIA A100-SXM4-40GB          On  |   00000000:03:00.0 Off |                    0 |
| N/A   30C    P0             54W /  400W |       1MiB /  40960MiB |      0%      Default |
|                                         |                        |             Disabled |
+-----------------------------------------+------------------------+----------------------+
|   1  NVIDIA A100-SXM4-40GB          On  |   00000000:41:00.0 Off |                    0 |
| N/A   28C    P0             54W /  400W |       1MiB /  40960MiB |      0%      Default |
|                                         |                        |             Disabled |
+-----------------------------------------+------------------------+----------------------+
|   2  NVIDIA A100-SXM4-40GB          On  |   00000000:82:00.0 Off |                    0 |
| N/A   30C    P0             54W /  400W |       1MiB /  40960MiB |      0%      Default |
|                                         |                        |             Disabled |
+-----------------------------------------+------------------------+----------------------+
|   3  NVIDIA A100-SXM4-40GB          On  |   00000000:C1:00.0 Off |                    0 |
| N/A   29C    P0             53W /  400W |       1MiB /  40960MiB |      0%      Default |
|                                         |                        |             Disabled |
+-----------------------------------------+------------------------+----------------------+
                                                                                         
+-----------------------------------------------------------------------------------------+
| Processes:                                                                              |
|  GPU   GI   CI        PID   Type   Process name                              GPU Memory |
|        ID   ID                                                               Usage      |
|=========================================================================================|
|  No running processes found                                                             |
+-----------------------------------------------------------------------------------------+
step: 10000/500000 | train_loss: 1.5365 | train_metric: 0.4285
step: 20000/500000 | train_loss: 1.3163 | train_metric: 0.5160
step: 30000/500000 | train_loss: 1.2232 | train_metric: 0.5523
step: 40000/500000 | train_loss: 1.1684 | train_metric: 0.5734
step: 50000/500000 | train_loss: 1.1304 | train_metric: 0.5880
step: 60000/500000 | train_loss: 1.1014 | train_metric: 0.5991
step: 70000/500000 | train_loss: 1.0782 | train_metric: 0.6080
step: 80000/500000 | train_loss: 1.0591 | train_metric: 0.6154
step: 90000/500000 | train_loss: 1.0430 | train_metric: 0.6216
step: 100000/500000 | train_loss: 1.0295 | train_metric: 0.6268
epoch: 1/5 | val_loss: 1.0267 | val_metric: 0.6266
step: 110000/500000 | train_loss: 0.9021 | train_metric: 0.6761
step: 120000/500000 | train_loss: 0.8989 | train_metric: 0.6772
step: 130000/500000 | train_loss: 0.8966 | train_metric: 0.6780
step: 140000/500000 | train_loss: 0.8946 | train_metric: 0.6789
step: 150000/500000 | train_loss: 0.8931 | train_metric: 0.6795
step: 160000/500000 | train_loss: 0.8914 | train_metric: 0.6801
step: 170000/500000 | train_loss: 0.8902 | train_metric: 0.6806
step: 180000/500000 | train_loss: 0.8889 | train_metric: 0.6812
step: 190000/500000 | train_loss: 0.8877 | train_metric: 0.6816
step: 200000/500000 | train_loss: 0.8867 | train_metric: 0.6820
epoch: 2/5 | val_loss: 0.9331 | val_metric: 0.6638
step: 210000/500000 | train_loss: 0.8757 | train_metric: 0.6860
step: 220000/500000 | train_loss: 0.8750 | train_metric: 0.6866
step: 230000/500000 | train_loss: 0.8746 | train_metric: 0.6867
step: 240000/500000 | train_loss: 0.8741 | train_metric: 0.6869
step: 250000/500000 | train_loss: 0.8736 | train_metric: 0.6871
step: 260000/500000 | train_loss: 0.8731 | train_metric: 0.6873
step: 270000/500000 | train_loss: 0.8728 | train_metric: 0.6874
step: 280000/500000 | train_loss: 0.8724 | train_metric: 0.6876
step: 290000/500000 | train_loss: 0.8719 | train_metric: 0.6878
step: 300000/500000 | train_loss: 0.8715 | train_metric: 0.6879
epoch: 3/5 | val_loss: 0.9273 | val_metric: 0.6630
step: 310000/500000 | train_loss: 0.8664 | train_metric: 0.6900
step: 320000/500000 | train_loss: 0.8661 | train_metric: 0.6900
step: 330000/500000 | train_loss: 0.8658 | train_metric: 0.6900
step: 340000/500000 | train_loss: 0.8654 | train_metric: 0.6902
step: 350000/500000 | train_loss: 0.8653 | train_metric: 0.6902
step: 360000/500000 | train_loss: 0.8650 | train_metric: 0.6904
step: 370000/500000 | train_loss: 0.8644 | train_metric: 0.6906
step: 380000/500000 | train_loss: 0.8633 | train_metric: 0.6911
step: 390000/500000 | train_loss: 0.8621 | train_metric: 0.6915
step: 400000/500000 | train_loss: 0.8609 | train_metric: 0.6920
epoch: 4/5 | val_loss: 0.8645 | val_metric: 0.6904
step: 410000/500000 | train_loss: 0.8476 | train_metric: 0.6974
step: 420000/500000 | train_loss: 0.8474 | train_metric: 0.6974
step: 430000/500000 | train_loss: 0.8466 | train_metric: 0.6976
step: 440000/500000 | train_loss: 0.8464 | train_metric: 0.6977
step: 450000/500000 | train_loss: 0.8460 | train_metric: 0.6979
step: 460000/500000 | train_loss: 0.8455 | train_metric: 0.6980
step: 470000/500000 | train_loss: 0.8453 | train_metric: 0.6981
step: 480000/500000 | train_loss: 0.8451 | train_metric: 0.6982
step: 490000/500000 | train_loss: 0.8449 | train_metric: 0.6982
step: 500000/500000 | train_loss: 0.8447 | train_metric: 0.6983
epoch: 5/5 | val_loss: 0.8498 | val_metric: 0.6966
